21:34:46 INFO  : Platform repository initialization has completed.
21:34:46 INFO  : Registering command handlers for Vitis TCF services
21:34:46 INFO  : Launching XSCT server: xsct.bat -n  -interactive O:\ENGS128\lab3\temp_xsdb_launch_script.tcl
21:34:50 INFO  : XSCT server has started successfully.
21:34:53 INFO  : Successfully done setting XSCT server connection channel  
21:34:53 INFO  : plnx-install-location is set to ''
21:34:53 INFO  : Successfully done query RDI_DATADIR 
21:34:53 INFO  : Successfully done setting workspace for the tool. 
21:36:31 INFO  : Result from executing command 'getProjects': axi_stream_bd_wrapper
21:36:31 INFO  : Result from executing command 'getPlatforms': 
21:36:31 WARN  : An unexpected exception occurred in the module 'platform project logging'
21:36:33 INFO  : Platform 'axi_stream_bd_wrapper' is added to custom repositories.
21:36:44 INFO  : Platform 'axi_stream_bd_wrapper' is added to custom repositories.
21:38:47 INFO  : Result from executing command 'getProjects': axi_stream_bd_wrapper
21:38:47 INFO  : Result from executing command 'getPlatforms': axi_stream_bd_wrapper|O:/ENGS128/lab3/axi_stream_bd_wrapper/export/axi_stream_bd_wrapper/axi_stream_bd_wrapper.xpfm
21:40:23 INFO  : Connected to target on host '127.0.0.1' and port '3121'.
21:40:23 INFO  : 'targets -set -filter {jtag_cable_name =~ "Digilent Zybo Z7 210351A6C805A" && level==0 && jtag_device_ctx=="jsn-Zybo Z7-210351A6C805A-13722093-0"}' command is executed.
21:40:24 INFO  : Device configured successfully with "O:/ENGS128/lab3/lab3_sw/_ide/bitstream/axi_stream_bd_wrapper.bit"
21:40:39 INFO  : Connected to target on host '127.0.0.1' and port '3121'.
21:40:39 INFO  : Jtag cable 'Digilent Zybo Z7 210351A6C805A' is selected.
21:40:39 INFO  : 'jtag frequency' command is executed.
21:40:39 INFO  : Context for 'APU' is selected.
21:40:39 INFO  : System reset is completed.
21:40:42 INFO  : 'after 3000' command is executed.
21:40:43 INFO  : 'targets -set -filter {jtag_cable_name =~ "Digilent Zybo Z7 210351A6C805A" && level==0 && jtag_device_ctx=="jsn-Zybo Z7-210351A6C805A-13722093-0"}' command is executed.
21:40:44 INFO  : Device configured successfully with "O:/ENGS128/lab3/lab3_sw/_ide/bitstream/axi_stream_bd_wrapper.bit"
21:40:44 INFO  : Context for 'APU' is selected.
21:40:44 INFO  : Hardware design and registers information is loaded from 'O:/ENGS128/lab3/axi_stream_bd_wrapper/export/axi_stream_bd_wrapper/hw/axi_stream_bd_wrapper.xsa'.
21:40:44 INFO  : 'configparams force-mem-access 1' command is executed.
21:40:44 INFO  : Context for 'APU' is selected.
21:40:44 INFO  : Sourcing of 'O:/ENGS128/lab3/lab3_sw/_ide/psinit/ps7_init.tcl' is done.
21:40:44 INFO  : 'ps7_init' command is executed.
21:40:45 INFO  : 'ps7_post_config' command is executed.
21:40:45 INFO  : 'configparams force-mem-access 0' command is executed.
21:40:45 INFO  : ----------------XSDB Script----------------
connect -url tcp:127.0.0.1:3121
targets -set -nocase -filter {name =~"APU*"}
rst -system
after 3000
targets -set -filter {jtag_cable_name =~ "Digilent Zybo Z7 210351A6C805A" && level==0 && jtag_device_ctx=="jsn-Zybo Z7-210351A6C805A-13722093-0"}
fpga -file O:/ENGS128/lab3/lab3_sw/_ide/bitstream/axi_stream_bd_wrapper.bit
targets -set -nocase -filter {name =~"APU*"}
loadhw -hw O:/ENGS128/lab3/axi_stream_bd_wrapper/export/axi_stream_bd_wrapper/hw/axi_stream_bd_wrapper.xsa -mem-ranges [list {0x40000000 0xbfffffff}] -regs
configparams force-mem-access 1
targets -set -nocase -filter {name =~"APU*"}
source O:/ENGS128/lab3/lab3_sw/_ide/psinit/ps7_init.tcl
ps7_init
ps7_post_config
configparams force-mem-access 0
----------------End of Script----------------

21:40:45 INFO  : Launch script is exported to file 'O:\ENGS128\lab3\lab3_sw_system\_ide\scripts\systemdebugger_lab3_sw_system_standalone.tcl'
21:43:46 INFO  : Disconnected from the channel tcfchan#2.
21:43:48 INFO  : Connected to target on host '127.0.0.1' and port '3121'.
21:43:49 INFO  : Jtag cable 'Digilent Zybo Z7 210351A6C805A' is selected.
21:43:49 INFO  : 'jtag frequency' command is executed.
21:43:49 INFO  : Context for 'APU' is selected.
21:43:49 INFO  : System reset is completed.
21:43:52 INFO  : 'after 3000' command is executed.
21:43:52 INFO  : 'targets -set -filter {jtag_cable_name =~ "Digilent Zybo Z7 210351A6C805A" && level==0 && jtag_device_ctx=="jsn-Zybo Z7-210351A6C805A-13722093-0"}' command is executed.
21:43:53 INFO  : Device configured successfully with "O:/ENGS128/lab3/lab3_sw/_ide/bitstream/axi_stream_bd_wrapper.bit"
21:43:53 INFO  : Context for 'APU' is selected.
21:43:53 INFO  : Hardware design and registers information is loaded from 'O:/ENGS128/lab3/axi_stream_bd_wrapper/export/axi_stream_bd_wrapper/hw/axi_stream_bd_wrapper.xsa'.
21:43:53 INFO  : 'configparams force-mem-access 1' command is executed.
21:43:53 INFO  : Context for 'APU' is selected.
21:43:53 INFO  : Sourcing of 'O:/ENGS128/lab3/lab3_sw/_ide/psinit/ps7_init.tcl' is done.
21:43:54 INFO  : 'ps7_init' command is executed.
21:43:54 INFO  : 'ps7_post_config' command is executed.
21:43:54 INFO  : 'configparams force-mem-access 0' command is executed.
21:43:54 INFO  : ----------------XSDB Script----------------
connect -url tcp:127.0.0.1:3121
targets -set -nocase -filter {name =~"APU*"}
rst -system
after 3000
targets -set -filter {jtag_cable_name =~ "Digilent Zybo Z7 210351A6C805A" && level==0 && jtag_device_ctx=="jsn-Zybo Z7-210351A6C805A-13722093-0"}
fpga -file O:/ENGS128/lab3/lab3_sw/_ide/bitstream/axi_stream_bd_wrapper.bit
targets -set -nocase -filter {name =~"APU*"}
loadhw -hw O:/ENGS128/lab3/axi_stream_bd_wrapper/export/axi_stream_bd_wrapper/hw/axi_stream_bd_wrapper.xsa -mem-ranges [list {0x40000000 0xbfffffff}] -regs
configparams force-mem-access 1
targets -set -nocase -filter {name =~"APU*"}
source O:/ENGS128/lab3/lab3_sw/_ide/psinit/ps7_init.tcl
ps7_init
ps7_post_config
configparams force-mem-access 0
----------------End of Script----------------

21:43:54 INFO  : Launch script is exported to file 'O:\ENGS128\lab3\lab3_sw_system\_ide\scripts\systemdebugger_lab3_sw_system_1_standalone.tcl'
21:44:17 INFO  : Disconnected from the channel tcfchan#3.
21:44:41 INFO  : Connected to target on host '127.0.0.1' and port '3121'.
21:44:41 INFO  : Jtag cable 'Digilent Zybo Z7 210351A6C805A' is selected.
21:44:41 INFO  : 'jtag frequency' command is executed.
21:44:41 INFO  : Context for 'APU' is selected.
21:44:41 INFO  : System reset is completed.
21:44:44 INFO  : 'after 3000' command is executed.
21:44:45 INFO  : 'targets -set -filter {jtag_cable_name =~ "Digilent Zybo Z7 210351A6C805A" && level==0 && jtag_device_ctx=="jsn-Zybo Z7-210351A6C805A-13722093-0"}' command is executed.
21:44:46 INFO  : Device configured successfully with "O:/ENGS128/lab3/lab3_sw/_ide/bitstream/axi_stream_bd_wrapper.bit"
21:44:46 INFO  : Context for 'APU' is selected.
21:44:46 INFO  : Hardware design and registers information is loaded from 'O:/ENGS128/lab3/axi_stream_bd_wrapper/export/axi_stream_bd_wrapper/hw/axi_stream_bd_wrapper.xsa'.
21:44:46 INFO  : 'configparams force-mem-access 1' command is executed.
21:44:46 INFO  : Context for 'APU' is selected.
21:44:46 INFO  : Sourcing of 'O:/ENGS128/lab3/lab3_sw/_ide/psinit/ps7_init.tcl' is done.
21:44:46 INFO  : 'ps7_init' command is executed.
21:44:47 INFO  : 'ps7_post_config' command is executed.
21:44:47 INFO  : 'configparams force-mem-access 0' command is executed.
21:44:47 INFO  : ----------------XSDB Script----------------
connect -url tcp:127.0.0.1:3121
targets -set -nocase -filter {name =~"APU*"}
rst -system
after 3000
targets -set -filter {jtag_cable_name =~ "Digilent Zybo Z7 210351A6C805A" && level==0 && jtag_device_ctx=="jsn-Zybo Z7-210351A6C805A-13722093-0"}
fpga -file O:/ENGS128/lab3/lab3_sw/_ide/bitstream/axi_stream_bd_wrapper.bit
targets -set -nocase -filter {name =~"APU*"}
loadhw -hw O:/ENGS128/lab3/axi_stream_bd_wrapper/export/axi_stream_bd_wrapper/hw/axi_stream_bd_wrapper.xsa -mem-ranges [list {0x40000000 0xbfffffff}] -regs
configparams force-mem-access 1
targets -set -nocase -filter {name =~"APU*"}
source O:/ENGS128/lab3/lab3_sw/_ide/psinit/ps7_init.tcl
ps7_init
ps7_post_config
configparams force-mem-access 0
----------------End of Script----------------

21:44:47 INFO  : Launch script is exported to file 'O:\ENGS128\lab3\lab3_sw_system\_ide\scripts\systemdebugger_lab3_sw_system_standalone.tcl'
21:45:03 INFO  : Disconnected from the channel tcfchan#4.
21:46:48 INFO  : Checking for BSP changes to sync application flags for project 'lab3_sw'...
21:47:10 INFO  : Checking for BSP changes to sync application flags for project 'lab3_sw'...
21:48:38 INFO  : Checking for BSP changes to sync application flags for project 'lab3_sw'...
21:49:00 INFO  : Connected to target on host '127.0.0.1' and port '3121'.
21:49:01 INFO  : Jtag cable 'Digilent Zybo Z7 210351A6C805A' is selected.
21:49:01 INFO  : 'jtag frequency' command is executed.
21:49:01 INFO  : Context for 'APU' is selected.
21:49:01 INFO  : System reset is completed.
21:49:04 INFO  : 'after 3000' command is executed.
21:49:04 INFO  : 'targets -set -filter {jtag_cable_name =~ "Digilent Zybo Z7 210351A6C805A" && level==0 && jtag_device_ctx=="jsn-Zybo Z7-210351A6C805A-13722093-0"}' command is executed.
21:49:05 INFO  : Device configured successfully with "O:/ENGS128/lab3/lab3_sw/_ide/bitstream/axi_stream_bd_wrapper.bit"
21:49:05 INFO  : Context for 'APU' is selected.
21:49:05 INFO  : Hardware design and registers information is loaded from 'O:/ENGS128/lab3/axi_stream_bd_wrapper/export/axi_stream_bd_wrapper/hw/axi_stream_bd_wrapper.xsa'.
21:49:05 INFO  : 'configparams force-mem-access 1' command is executed.
21:49:05 INFO  : Context for 'APU' is selected.
21:49:05 INFO  : Sourcing of 'O:/ENGS128/lab3/lab3_sw/_ide/psinit/ps7_init.tcl' is done.
21:49:06 INFO  : 'ps7_init' command is executed.
21:49:06 INFO  : 'ps7_post_config' command is executed.
21:49:06 INFO  : Context for processor 'ps7_cortexa9_0' is selected.
21:49:06 INFO  : The application 'O:/ENGS128/lab3/lab3_sw/Debug/lab3_sw.elf' is downloaded to processor 'ps7_cortexa9_0'.
21:49:06 INFO  : 'configparams force-mem-access 0' command is executed.
21:49:06 INFO  : ----------------XSDB Script----------------
connect -url tcp:127.0.0.1:3121
targets -set -nocase -filter {name =~"APU*"}
rst -system
after 3000
targets -set -filter {jtag_cable_name =~ "Digilent Zybo Z7 210351A6C805A" && level==0 && jtag_device_ctx=="jsn-Zybo Z7-210351A6C805A-13722093-0"}
fpga -file O:/ENGS128/lab3/lab3_sw/_ide/bitstream/axi_stream_bd_wrapper.bit
targets -set -nocase -filter {name =~"APU*"}
loadhw -hw O:/ENGS128/lab3/axi_stream_bd_wrapper/export/axi_stream_bd_wrapper/hw/axi_stream_bd_wrapper.xsa -mem-ranges [list {0x40000000 0xbfffffff}] -regs
configparams force-mem-access 1
targets -set -nocase -filter {name =~"APU*"}
source O:/ENGS128/lab3/lab3_sw/_ide/psinit/ps7_init.tcl
ps7_init
ps7_post_config
targets -set -nocase -filter {name =~ "*A9*#0"}
dow O:/ENGS128/lab3/lab3_sw/Debug/lab3_sw.elf
configparams force-mem-access 0
----------------End of Script----------------

21:49:07 INFO  : Context for processor 'ps7_cortexa9_0' is selected.
21:49:07 INFO  : 'con' command is executed.
21:49:07 INFO  : ----------------XSDB Script (After Launch)----------------
targets -set -nocase -filter {name =~ "*A9*#0"}
con
----------------End of Script----------------

21:49:07 INFO  : Launch script is exported to file 'O:\ENGS128\lab3\lab3_sw_system\_ide\scripts\systemdebugger_lab3_sw_system_2_standalone.tcl'
22:56:40 INFO  : Hardware specification for platform project 'axi_stream_bd_wrapper' is updated.
22:57:03 INFO  : Result from executing command 'getProjects': axi_stream_bd_wrapper
22:57:03 INFO  : Result from executing command 'getPlatforms': axi_stream_bd_wrapper|O:/ENGS128/lab3/axi_stream_bd_wrapper/export/axi_stream_bd_wrapper/axi_stream_bd_wrapper.xpfm
22:57:04 INFO  : Checking for BSP changes to sync application flags for project 'lab3_sw'...
22:57:08 INFO  : The hardware specification used by project 'lab3_sw' is out of sync with the platform. Resource files extracted from the hardware specification will be updated.
22:57:08 INFO  : The file 'O:\ENGS128\lab3\lab3_sw\_ide\bitstream\axi_stream_bd_wrapper.bit' stored in project is removed.
22:57:08 INFO  : The updated bitstream files are copied from platform to folder 'O:\ENGS128\lab3\lab3_sw\_ide\bitstream' in project 'lab3_sw'.
22:57:08 INFO  : The file 'O:\ENGS128\lab3\lab3_sw\_ide\psinit\ps7_init.tcl' stored in project is removed.
22:57:15 INFO  : The updated ps init files are copied from platform to folder 'O:\ENGS128\lab3\lab3_sw\_ide\psinit' in project 'lab3_sw'.
22:57:37 INFO  : Disconnected from the channel tcfchan#6.
22:57:38 INFO  : Connected to target on host '127.0.0.1' and port '3121'.
22:57:48 INFO  : ----------------XSDB Script----------------
connect -url tcp:127.0.0.1:3121
----------------End of Script----------------

22:57:48 ERROR : Could not find ARM device on the board for connection 'Local'.
Check if the target is in:
1. Split JTAG - No operations are possible with ARM DAP.
2. Non JTAG bootmode - Bootrom may need time to enable DAP.
Please try again.


Troubleshooting hints:
1. Check whether board is connected to system properly.
2. In case of zynq board, check whether Digilent/Xilinx cable switch settings are correct.
3. If you are using Xilinx Platform Cable USB, ensure that status LED is green.
22:57:59 INFO  : Connected to target on host '127.0.0.1' and port '3121'.
22:57:59 INFO  : Jtag cable 'Digilent Zybo Z7 210351A6C805A' is selected.
22:57:59 INFO  : 'jtag frequency' command is executed.
22:57:59 INFO  : Context for 'APU' is selected.
22:57:59 INFO  : System reset is completed.
22:58:02 INFO  : 'after 3000' command is executed.
22:58:02 INFO  : 'targets -set -filter {jtag_cable_name =~ "Digilent Zybo Z7 210351A6C805A" && level==0 && jtag_device_ctx=="jsn-Zybo Z7-210351A6C805A-13722093-0"}' command is executed.
22:58:04 INFO  : Device configured successfully with "O:/ENGS128/lab3/lab3_sw/_ide/bitstream/axi_stream_bd_wrapper.bit"
22:58:04 INFO  : Context for 'APU' is selected.
22:58:04 INFO  : Hardware design and registers information is loaded from 'O:/ENGS128/lab3/axi_stream_bd_wrapper/export/axi_stream_bd_wrapper/hw/axi_stream_bd_wrapper.xsa'.
22:58:04 INFO  : 'configparams force-mem-access 1' command is executed.
22:58:04 INFO  : Context for 'APU' is selected.
22:58:04 INFO  : Sourcing of 'O:/ENGS128/lab3/lab3_sw/_ide/psinit/ps7_init.tcl' is done.
22:58:04 INFO  : 'ps7_init' command is executed.
22:58:04 INFO  : 'ps7_post_config' command is executed.
22:58:04 INFO  : Context for processor 'ps7_cortexa9_0' is selected.
22:58:04 INFO  : The application 'O:/ENGS128/lab3/lab3_sw/Debug/lab3_sw.elf' is downloaded to processor 'ps7_cortexa9_0'.
22:58:05 INFO  : 'configparams force-mem-access 0' command is executed.
22:58:05 INFO  : ----------------XSDB Script----------------
connect -url tcp:127.0.0.1:3121
targets -set -nocase -filter {name =~"APU*"}
rst -system
after 3000
targets -set -filter {jtag_cable_name =~ "Digilent Zybo Z7 210351A6C805A" && level==0 && jtag_device_ctx=="jsn-Zybo Z7-210351A6C805A-13722093-0"}
fpga -file O:/ENGS128/lab3/lab3_sw/_ide/bitstream/axi_stream_bd_wrapper.bit
targets -set -nocase -filter {name =~"APU*"}
loadhw -hw O:/ENGS128/lab3/axi_stream_bd_wrapper/export/axi_stream_bd_wrapper/hw/axi_stream_bd_wrapper.xsa -mem-ranges [list {0x40000000 0xbfffffff}] -regs
configparams force-mem-access 1
targets -set -nocase -filter {name =~"APU*"}
source O:/ENGS128/lab3/lab3_sw/_ide/psinit/ps7_init.tcl
ps7_init
ps7_post_config
targets -set -nocase -filter {name =~ "*A9*#0"}
dow O:/ENGS128/lab3/lab3_sw/Debug/lab3_sw.elf
configparams force-mem-access 0
----------------End of Script----------------

22:58:05 INFO  : Context for processor 'ps7_cortexa9_0' is selected.
22:58:05 INFO  : 'con' command is executed.
22:58:05 INFO  : ----------------XSDB Script (After Launch)----------------
targets -set -nocase -filter {name =~ "*A9*#0"}
con
----------------End of Script----------------

22:58:05 INFO  : Launch script is exported to file 'O:\ENGS128\lab3\lab3_sw_system\_ide\scripts\systemdebugger_lab3_sw_system_standalone.tcl'
23:47:30 INFO  : Hardware specification for platform project 'axi_stream_bd_wrapper' is updated.
23:47:51 INFO  : Result from executing command 'getProjects': axi_stream_bd_wrapper
23:47:51 INFO  : Result from executing command 'getPlatforms': 
23:47:52 INFO  : Checking for BSP changes to sync application flags for project 'lab3_sw'...
23:47:56 INFO  : The hardware specification used by project 'lab3_sw' is out of sync with the platform. Resource files extracted from the hardware specification will be updated.
23:47:56 INFO  : The file 'O:\ENGS128\lab3\lab3_sw\_ide\bitstream\axi_stream_bd_wrapper.bit' stored in project is removed.
23:47:56 INFO  : The updated bitstream files are copied from platform to folder 'O:\ENGS128\lab3\lab3_sw\_ide\bitstream' in project 'lab3_sw'.
23:47:56 INFO  : The file 'O:\ENGS128\lab3\lab3_sw\_ide\psinit\ps7_init.tcl' stored in project is removed.
23:48:03 INFO  : The updated ps init files are copied from platform to folder 'O:\ENGS128\lab3\lab3_sw\_ide\psinit' in project 'lab3_sw'.
23:48:14 INFO  : Disconnected from the channel tcfchan#9.
23:48:14 INFO  : Connected to target on host '127.0.0.1' and port '3121'.
23:48:14 INFO  : Jtag cable 'Digilent Zybo Z7 210351A6C805A' is selected.
23:48:14 INFO  : 'jtag frequency' command is executed.
23:48:14 INFO  : Context for 'APU' is selected.
23:48:15 INFO  : System reset is completed.
23:48:18 INFO  : 'after 3000' command is executed.
23:48:18 INFO  : 'targets -set -filter {jtag_cable_name =~ "Digilent Zybo Z7 210351A6C805A" && level==0 && jtag_device_ctx=="jsn-Zybo Z7-210351A6C805A-13722093-0"}' command is executed.
23:48:19 INFO  : Device configured successfully with "O:/ENGS128/lab3/lab3_sw/_ide/bitstream/axi_stream_bd_wrapper.bit"
23:48:19 INFO  : Context for 'APU' is selected.
23:48:19 INFO  : Hardware design and registers information is loaded from 'O:/ENGS128/lab3/axi_stream_bd_wrapper/export/axi_stream_bd_wrapper/hw/axi_stream_bd_wrapper.xsa'.
23:48:19 INFO  : 'configparams force-mem-access 1' command is executed.
23:48:19 INFO  : Context for 'APU' is selected.
23:48:19 INFO  : Sourcing of 'O:/ENGS128/lab3/lab3_sw/_ide/psinit/ps7_init.tcl' is done.
23:48:20 INFO  : 'ps7_init' command is executed.
23:48:20 INFO  : 'ps7_post_config' command is executed.
23:48:20 INFO  : Context for processor 'ps7_cortexa9_0' is selected.
23:48:20 INFO  : The application 'O:/ENGS128/lab3/lab3_sw/Debug/lab3_sw.elf' is downloaded to processor 'ps7_cortexa9_0'.
23:48:20 INFO  : 'configparams force-mem-access 0' command is executed.
23:48:20 INFO  : ----------------XSDB Script----------------
connect -url tcp:127.0.0.1:3121
targets -set -nocase -filter {name =~"APU*"}
rst -system
after 3000
targets -set -filter {jtag_cable_name =~ "Digilent Zybo Z7 210351A6C805A" && level==0 && jtag_device_ctx=="jsn-Zybo Z7-210351A6C805A-13722093-0"}
fpga -file O:/ENGS128/lab3/lab3_sw/_ide/bitstream/axi_stream_bd_wrapper.bit
targets -set -nocase -filter {name =~"APU*"}
loadhw -hw O:/ENGS128/lab3/axi_stream_bd_wrapper/export/axi_stream_bd_wrapper/hw/axi_stream_bd_wrapper.xsa -mem-ranges [list {0x40000000 0xbfffffff}] -regs
configparams force-mem-access 1
targets -set -nocase -filter {name =~"APU*"}
source O:/ENGS128/lab3/lab3_sw/_ide/psinit/ps7_init.tcl
ps7_init
ps7_post_config
targets -set -nocase -filter {name =~ "*A9*#0"}
dow O:/ENGS128/lab3/lab3_sw/Debug/lab3_sw.elf
configparams force-mem-access 0
----------------End of Script----------------

23:48:20 INFO  : Context for processor 'ps7_cortexa9_0' is selected.
23:48:20 INFO  : 'con' command is executed.
23:48:20 INFO  : ----------------XSDB Script (After Launch)----------------
targets -set -nocase -filter {name =~ "*A9*#0"}
con
----------------End of Script----------------

23:48:20 INFO  : Launch script is exported to file 'O:\ENGS128\lab3\lab3_sw_system\_ide\scripts\systemdebugger_lab3_sw_system_standalone.tcl'
00:07:12 INFO  : Disconnected from the channel tcfchan#12.
10:23:59 INFO  : Launching XSCT server: xsct.bat -n  -interactive O:\ENGS128\lab3\temp_xsdb_launch_script.tcl
10:24:04 INFO  : XSCT server has started successfully.
10:24:04 INFO  : plnx-install-location is set to ''
10:24:04 INFO  : Successfully done setting XSCT server connection channel  
10:24:04 INFO  : Successfully done setting workspace for the tool. 
10:24:04 INFO  : Registering command handlers for Vitis TCF services
10:24:04 INFO  : Platform repository initialization has completed.
10:24:07 INFO  : Successfully done query RDI_DATADIR 
10:24:31 INFO  : Hardware specification for platform project 'axi_stream_bd_wrapper' is updated.
10:25:00 INFO  : Result from executing command 'getProjects': axi_stream_bd_wrapper
10:25:00 INFO  : Result from executing command 'getPlatforms': axi_stream_bd_wrapper|O:/ENGS128/lab3/axi_stream_bd_wrapper/export/axi_stream_bd_wrapper/axi_stream_bd_wrapper.xpfm
10:25:01 INFO  : Checking for BSP changes to sync application flags for project 'lab3_sw'...
10:25:09 INFO  : The hardware specification used by project 'lab3_sw' is out of sync with the platform. Resource files extracted from the hardware specification will be updated.
10:25:09 INFO  : The file 'O:\ENGS128\lab3\lab3_sw\_ide\bitstream\axi_stream_bd_wrapper.bit' stored in project is removed.
10:25:10 INFO  : The updated bitstream files are copied from platform to folder 'O:\ENGS128\lab3\lab3_sw\_ide\bitstream' in project 'lab3_sw'.
10:25:10 INFO  : The file 'O:\ENGS128\lab3\lab3_sw\_ide\psinit\ps7_init.tcl' stored in project is removed.
10:25:16 INFO  : The updated ps init files are copied from platform to folder 'O:\ENGS128\lab3\lab3_sw\_ide\psinit' in project 'lab3_sw'.
10:25:34 INFO  : Connected to target on host '127.0.0.1' and port '3121'.
10:25:35 INFO  : Jtag cable 'Digilent Zybo Z7 210351A6C805A' is selected.
10:25:35 INFO  : 'jtag frequency' command is executed.
10:25:35 INFO  : Context for 'APU' is selected.
10:25:35 INFO  : System reset is completed.
10:25:38 INFO  : 'after 3000' command is executed.
10:25:38 INFO  : 'targets -set -filter {jtag_cable_name =~ "Digilent Zybo Z7 210351A6C805A" && level==0 && jtag_device_ctx=="jsn-Zybo Z7-210351A6C805A-13722093-0"}' command is executed.
10:25:39 INFO  : Device configured successfully with "O:/ENGS128/lab3/lab3_sw/_ide/bitstream/axi_stream_bd_wrapper.bit"
10:25:39 INFO  : Context for 'APU' is selected.
10:25:39 INFO  : Hardware design and registers information is loaded from 'O:/ENGS128/lab3/axi_stream_bd_wrapper/export/axi_stream_bd_wrapper/hw/axi_stream_bd_wrapper.xsa'.
10:25:40 INFO  : 'configparams force-mem-access 1' command is executed.
10:25:40 INFO  : Context for 'APU' is selected.
10:25:40 INFO  : Sourcing of 'O:/ENGS128/lab3/lab3_sw/_ide/psinit/ps7_init.tcl' is done.
10:25:40 INFO  : 'ps7_init' command is executed.
10:25:40 INFO  : 'ps7_post_config' command is executed.
10:25:40 INFO  : Context for processor 'ps7_cortexa9_0' is selected.
10:25:40 INFO  : The application 'O:/ENGS128/lab3/lab3_sw/Debug/lab3_sw.elf' is downloaded to processor 'ps7_cortexa9_0'.
10:25:41 INFO  : 'configparams force-mem-access 0' command is executed.
10:25:41 INFO  : ----------------XSDB Script----------------
connect -url tcp:127.0.0.1:3121
targets -set -nocase -filter {name =~"APU*"}
rst -system
after 3000
targets -set -filter {jtag_cable_name =~ "Digilent Zybo Z7 210351A6C805A" && level==0 && jtag_device_ctx=="jsn-Zybo Z7-210351A6C805A-13722093-0"}
fpga -file O:/ENGS128/lab3/lab3_sw/_ide/bitstream/axi_stream_bd_wrapper.bit
targets -set -nocase -filter {name =~"APU*"}
loadhw -hw O:/ENGS128/lab3/axi_stream_bd_wrapper/export/axi_stream_bd_wrapper/hw/axi_stream_bd_wrapper.xsa -mem-ranges [list {0x40000000 0xbfffffff}] -regs
configparams force-mem-access 1
targets -set -nocase -filter {name =~"APU*"}
source O:/ENGS128/lab3/lab3_sw/_ide/psinit/ps7_init.tcl
ps7_init
ps7_post_config
targets -set -nocase -filter {name =~ "*A9*#0"}
dow O:/ENGS128/lab3/lab3_sw/Debug/lab3_sw.elf
configparams force-mem-access 0
----------------End of Script----------------

10:25:41 INFO  : Context for processor 'ps7_cortexa9_0' is selected.
10:25:41 INFO  : 'con' command is executed.
10:25:41 INFO  : ----------------XSDB Script (After Launch)----------------
targets -set -nocase -filter {name =~ "*A9*#0"}
con
----------------End of Script----------------

10:25:41 INFO  : Launch script is exported to file 'O:\ENGS128\lab3\lab3_sw_system\_ide\scripts\systemdebugger_lab3_sw_system_standalone.tcl'
10:27:03 INFO  : Disconnected from the channel tcfchan#3.
11:06:02 INFO  : Launching XSCT server: xsct.bat -n  -interactive O:\ENGS128\lab3\temp_xsdb_launch_script.tcl
11:06:06 INFO  : XSCT server has started successfully.
11:06:06 INFO  : plnx-install-location is set to ''
11:06:06 INFO  : Successfully done setting XSCT server connection channel  
11:06:06 INFO  : Successfully done setting workspace for the tool. 
11:06:06 INFO  : Registering command handlers for Vitis TCF services
11:06:06 INFO  : Platform repository initialization has completed.
11:06:10 INFO  : Successfully done query RDI_DATADIR 
11:06:55 INFO  : Result from executing command 'getProjects': axi_stream_bd_wrapper
11:06:55 INFO  : Result from executing command 'getPlatforms': axi_stream_bd_wrapper|O:/ENGS128/lab3/axi_stream_bd_wrapper/export/axi_stream_bd_wrapper/axi_stream_bd_wrapper.xpfm
11:06:56 INFO  : Checking for BSP changes to sync application flags for project 'lab3_sw'...
11:07:05 INFO  : The hardware specification used by project 'lab3_sw' is out of sync with the platform. Resource files extracted from the hardware specification will be updated.
11:07:05 INFO  : The file 'O:\ENGS128\lab3\lab3_sw\_ide\bitstream\axi_stream_bd_wrapper.bit' stored in project is removed.
11:07:05 INFO  : The updated bitstream files are copied from platform to folder 'O:\ENGS128\lab3\lab3_sw\_ide\bitstream' in project 'lab3_sw'.
11:07:05 INFO  : The file 'O:\ENGS128\lab3\lab3_sw\_ide\psinit\ps7_init.tcl' stored in project is removed.
11:07:11 INFO  : The updated ps init files are copied from platform to folder 'O:\ENGS128\lab3\lab3_sw\_ide\psinit' in project 'lab3_sw'.
11:07:20 INFO  : Hardware specification for platform project 'axi_stream_bd_wrapper' is updated.
11:07:31 INFO  : Connected to target on host '127.0.0.1' and port '3121'.
11:07:49 INFO  : ----------------XSDB Script----------------
connect -url tcp:127.0.0.1:3121
----------------End of Script----------------

11:07:49 ERROR : Could not find ARM device on the board for connection 'Local'.
Check if the target is in:
1. Split JTAG - No operations are possible with ARM DAP.
2. Non JTAG bootmode - Bootrom may need time to enable DAP.
Please try again.


Troubleshooting hints:
1. Check whether board is connected to system properly.
2. In case of zynq board, check whether Digilent/Xilinx cable switch settings are correct.
3. If you are using Xilinx Platform Cable USB, ensure that status LED is green.
11:08:10 INFO  : Connected to target on host '127.0.0.1' and port '3121'.
11:08:11 INFO  : Jtag cable 'Digilent Zybo Z7 210351A6C805A' is selected.
11:08:11 INFO  : 'jtag frequency' command is executed.
11:08:11 INFO  : Context for 'APU' is selected.
11:08:11 INFO  : System reset is completed.
11:08:14 INFO  : 'after 3000' command is executed.
11:08:14 INFO  : 'targets -set -filter {jtag_cable_name =~ "Digilent Zybo Z7 210351A6C805A" && level==0 && jtag_device_ctx=="jsn-Zybo Z7-210351A6C805A-13722093-0"}' command is executed.
11:08:15 INFO  : Device configured successfully with "O:/ENGS128/lab3/lab3_sw/_ide/bitstream/axi_stream_bd_wrapper.bit"
11:08:15 INFO  : Context for 'APU' is selected.
11:08:15 INFO  : Hardware design and registers information is loaded from 'O:/ENGS128/lab3/axi_stream_bd_wrapper/export/axi_stream_bd_wrapper/hw/axi_stream_bd_wrapper.xsa'.
11:08:15 INFO  : 'configparams force-mem-access 1' command is executed.
11:08:15 INFO  : Context for 'APU' is selected.
11:08:15 INFO  : Sourcing of 'O:/ENGS128/lab3/lab3_sw/_ide/psinit/ps7_init.tcl' is done.
11:08:16 INFO  : 'ps7_init' command is executed.
11:08:16 INFO  : 'ps7_post_config' command is executed.
11:08:16 INFO  : Context for processor 'ps7_cortexa9_0' is selected.
11:08:16 INFO  : The application 'O:/ENGS128/lab3/lab3_sw/Debug/lab3_sw.elf' is downloaded to processor 'ps7_cortexa9_0'.
11:08:16 INFO  : 'configparams force-mem-access 0' command is executed.
11:08:16 INFO  : ----------------XSDB Script----------------
connect -url tcp:127.0.0.1:3121
targets -set -nocase -filter {name =~"APU*"}
rst -system
after 3000
targets -set -filter {jtag_cable_name =~ "Digilent Zybo Z7 210351A6C805A" && level==0 && jtag_device_ctx=="jsn-Zybo Z7-210351A6C805A-13722093-0"}
fpga -file O:/ENGS128/lab3/lab3_sw/_ide/bitstream/axi_stream_bd_wrapper.bit
targets -set -nocase -filter {name =~"APU*"}
loadhw -hw O:/ENGS128/lab3/axi_stream_bd_wrapper/export/axi_stream_bd_wrapper/hw/axi_stream_bd_wrapper.xsa -mem-ranges [list {0x40000000 0xbfffffff}] -regs
configparams force-mem-access 1
targets -set -nocase -filter {name =~"APU*"}
source O:/ENGS128/lab3/lab3_sw/_ide/psinit/ps7_init.tcl
ps7_init
ps7_post_config
targets -set -nocase -filter {name =~ "*A9*#0"}
dow O:/ENGS128/lab3/lab3_sw/Debug/lab3_sw.elf
configparams force-mem-access 0
----------------End of Script----------------

11:08:16 INFO  : Context for processor 'ps7_cortexa9_0' is selected.
11:08:16 INFO  : 'con' command is executed.
11:08:16 INFO  : ----------------XSDB Script (After Launch)----------------
targets -set -nocase -filter {name =~ "*A9*#0"}
con
----------------End of Script----------------

11:08:16 INFO  : Launch script is exported to file 'O:\ENGS128\lab3\lab3_sw_system\_ide\scripts\systemdebugger_lab3_sw_system_standalone.tcl'
11:33:52 INFO  : Hardware specification for platform project 'axi_stream_bd_wrapper' is updated.
11:34:18 INFO  : Result from executing command 'getProjects': axi_stream_bd_wrapper
11:34:18 INFO  : Result from executing command 'getPlatforms': axi_stream_bd_wrapper|O:/ENGS128/lab3/axi_stream_bd_wrapper/export/axi_stream_bd_wrapper/axi_stream_bd_wrapper.xpfm
11:34:24 INFO  : Checking for BSP changes to sync application flags for project 'lab3_sw'...
11:34:32 INFO  : The hardware specification used by project 'lab3_sw' is out of sync with the platform. Resource files extracted from the hardware specification will be updated.
11:34:32 INFO  : The file 'O:\ENGS128\lab3\lab3_sw\_ide\bitstream\axi_stream_bd_wrapper.bit' stored in project is removed.
11:34:33 INFO  : The updated bitstream files are copied from platform to folder 'O:\ENGS128\lab3\lab3_sw\_ide\bitstream' in project 'lab3_sw'.
11:34:33 INFO  : The file 'O:\ENGS128\lab3\lab3_sw\_ide\psinit\ps7_init.tcl' stored in project is removed.
11:34:39 INFO  : The updated ps init files are copied from platform to folder 'O:\ENGS128\lab3\lab3_sw\_ide\psinit' in project 'lab3_sw'.
11:34:57 INFO  : Disconnected from the channel tcfchan#3.
11:34:59 INFO  : Connected to target on host '127.0.0.1' and port '3121'.
11:34:59 INFO  : Jtag cable 'Digilent Zybo Z7 210351A6C805A' is selected.
11:34:59 INFO  : 'jtag frequency' command is executed.
11:34:59 INFO  : Context for 'APU' is selected.
11:34:59 INFO  : System reset is completed.
11:35:02 INFO  : 'after 3000' command is executed.
11:35:02 INFO  : 'targets -set -filter {jtag_cable_name =~ "Digilent Zybo Z7 210351A6C805A" && level==0 && jtag_device_ctx=="jsn-Zybo Z7-210351A6C805A-13722093-0"}' command is executed.
11:35:03 INFO  : Device configured successfully with "O:/ENGS128/lab3/lab3_sw/_ide/bitstream/axi_stream_bd_wrapper.bit"
11:35:03 INFO  : Context for 'APU' is selected.
11:35:03 INFO  : Hardware design and registers information is loaded from 'O:/ENGS128/lab3/axi_stream_bd_wrapper/export/axi_stream_bd_wrapper/hw/axi_stream_bd_wrapper.xsa'.
11:35:03 INFO  : 'configparams force-mem-access 1' command is executed.
11:35:03 INFO  : Context for 'APU' is selected.
11:35:03 INFO  : Sourcing of 'O:/ENGS128/lab3/lab3_sw/_ide/psinit/ps7_init.tcl' is done.
11:35:04 INFO  : 'ps7_init' command is executed.
11:35:04 INFO  : 'ps7_post_config' command is executed.
11:35:04 INFO  : Context for processor 'ps7_cortexa9_0' is selected.
11:35:04 INFO  : The application 'O:/ENGS128/lab3/lab3_sw/Debug/lab3_sw.elf' is downloaded to processor 'ps7_cortexa9_0'.
11:35:04 INFO  : 'configparams force-mem-access 0' command is executed.
11:35:04 INFO  : ----------------XSDB Script----------------
connect -url tcp:127.0.0.1:3121
targets -set -nocase -filter {name =~"APU*"}
rst -system
after 3000
targets -set -filter {jtag_cable_name =~ "Digilent Zybo Z7 210351A6C805A" && level==0 && jtag_device_ctx=="jsn-Zybo Z7-210351A6C805A-13722093-0"}
fpga -file O:/ENGS128/lab3/lab3_sw/_ide/bitstream/axi_stream_bd_wrapper.bit
targets -set -nocase -filter {name =~"APU*"}
loadhw -hw O:/ENGS128/lab3/axi_stream_bd_wrapper/export/axi_stream_bd_wrapper/hw/axi_stream_bd_wrapper.xsa -mem-ranges [list {0x40000000 0xbfffffff}] -regs
configparams force-mem-access 1
targets -set -nocase -filter {name =~"APU*"}
source O:/ENGS128/lab3/lab3_sw/_ide/psinit/ps7_init.tcl
ps7_init
ps7_post_config
targets -set -nocase -filter {name =~ "*A9*#0"}
dow O:/ENGS128/lab3/lab3_sw/Debug/lab3_sw.elf
configparams force-mem-access 0
----------------End of Script----------------

11:35:04 INFO  : Context for processor 'ps7_cortexa9_0' is selected.
11:35:04 INFO  : 'con' command is executed.
11:35:04 INFO  : ----------------XSDB Script (After Launch)----------------
targets -set -nocase -filter {name =~ "*A9*#0"}
con
----------------End of Script----------------

11:35:04 INFO  : Launch script is exported to file 'O:\ENGS128\lab3\lab3_sw_system\_ide\scripts\systemdebugger_lab3_sw_system_4_standalone.tcl'
11:36:19 INFO  : Hardware specification for platform project 'axi_stream_bd_wrapper' is updated.
11:36:41 INFO  : Result from executing command 'getProjects': axi_stream_bd_wrapper
11:36:41 INFO  : Result from executing command 'getPlatforms': axi_stream_bd_wrapper|O:/ENGS128/lab3/axi_stream_bd_wrapper/export/axi_stream_bd_wrapper/axi_stream_bd_wrapper.xpfm
11:36:42 INFO  : Checking for BSP changes to sync application flags for project 'lab3_sw'...
11:37:10 INFO  : Disconnected from the channel tcfchan#6.
11:37:11 INFO  : Connected to target on host '127.0.0.1' and port '3121'.
11:37:11 INFO  : Jtag cable 'Digilent Zybo Z7 210351A6C805A' is selected.
11:37:11 INFO  : 'jtag frequency' command is executed.
11:37:13 INFO  : Context for 'APU' is selected.
11:37:13 INFO  : System reset is completed.
11:37:16 INFO  : 'after 3000' command is executed.
11:37:16 INFO  : 'targets -set -filter {jtag_cable_name =~ "Digilent Zybo Z7 210351A6C805A" && level==0 && jtag_device_ctx=="jsn-Zybo Z7-210351A6C805A-13722093-0"}' command is executed.
11:37:18 INFO  : Device configured successfully with "O:/ENGS128/lab3/lab3_sw/_ide/bitstream/axi_stream_bd_wrapper.bit"
11:37:18 INFO  : Context for 'APU' is selected.
11:37:18 INFO  : Hardware design and registers information is loaded from 'O:/ENGS128/lab3/axi_stream_bd_wrapper/export/axi_stream_bd_wrapper/hw/axi_stream_bd_wrapper.xsa'.
11:37:18 INFO  : 'configparams force-mem-access 1' command is executed.
11:37:18 INFO  : Context for 'APU' is selected.
11:37:18 INFO  : Sourcing of 'O:/ENGS128/lab3/lab3_sw/_ide/psinit/ps7_init.tcl' is done.
11:37:18 INFO  : 'ps7_init' command is executed.
11:37:18 INFO  : 'ps7_post_config' command is executed.
11:37:18 INFO  : Context for processor 'ps7_cortexa9_0' is selected.
11:37:18 INFO  : The application 'O:/ENGS128/lab3/lab3_sw/Debug/lab3_sw.elf' is downloaded to processor 'ps7_cortexa9_0'.
11:37:19 INFO  : 'configparams force-mem-access 0' command is executed.
11:37:19 INFO  : ----------------XSDB Script----------------
connect -url tcp:127.0.0.1:3121
targets -set -nocase -filter {name =~"APU*"}
rst -system
after 3000
targets -set -filter {jtag_cable_name =~ "Digilent Zybo Z7 210351A6C805A" && level==0 && jtag_device_ctx=="jsn-Zybo Z7-210351A6C805A-13722093-0"}
fpga -file O:/ENGS128/lab3/lab3_sw/_ide/bitstream/axi_stream_bd_wrapper.bit
targets -set -nocase -filter {name =~"APU*"}
loadhw -hw O:/ENGS128/lab3/axi_stream_bd_wrapper/export/axi_stream_bd_wrapper/hw/axi_stream_bd_wrapper.xsa -mem-ranges [list {0x40000000 0xbfffffff}] -regs
configparams force-mem-access 1
targets -set -nocase -filter {name =~"APU*"}
source O:/ENGS128/lab3/lab3_sw/_ide/psinit/ps7_init.tcl
ps7_init
ps7_post_config
targets -set -nocase -filter {name =~ "*A9*#0"}
dow O:/ENGS128/lab3/lab3_sw/Debug/lab3_sw.elf
configparams force-mem-access 0
----------------End of Script----------------

11:37:19 INFO  : Context for processor 'ps7_cortexa9_0' is selected.
11:37:19 INFO  : 'con' command is executed.
11:37:19 INFO  : ----------------XSDB Script (After Launch)----------------
targets -set -nocase -filter {name =~ "*A9*#0"}
con
----------------End of Script----------------

11:37:19 INFO  : Launch script is exported to file 'O:\ENGS128\lab3\lab3_sw_system\_ide\scripts\systemdebugger_lab3_sw_system_5_standalone.tcl'
12:06:57 INFO  : Hardware specification for platform project 'axi_stream_bd_wrapper' is updated.
12:07:26 INFO  : Result from executing command 'getProjects': axi_stream_bd_wrapper
12:07:26 INFO  : Result from executing command 'getPlatforms': axi_stream_bd_wrapper|O:/ENGS128/lab3/axi_stream_bd_wrapper/export/axi_stream_bd_wrapper/axi_stream_bd_wrapper.xpfm
12:07:27 INFO  : Checking for BSP changes to sync application flags for project 'lab3_sw'...
12:07:36 INFO  : The hardware specification used by project 'lab3_sw' is out of sync with the platform. Resource files extracted from the hardware specification will be updated.
12:07:36 INFO  : The file 'O:\ENGS128\lab3\lab3_sw\_ide\bitstream\axi_stream_bd_wrapper.bit' stored in project is removed.
12:07:36 INFO  : The updated bitstream files are copied from platform to folder 'O:\ENGS128\lab3\lab3_sw\_ide\bitstream' in project 'lab3_sw'.
12:07:36 INFO  : The file 'O:\ENGS128\lab3\lab3_sw\_ide\psinit\ps7_init.tcl' stored in project is removed.
12:07:43 INFO  : The updated ps init files are copied from platform to folder 'O:\ENGS128\lab3\lab3_sw\_ide\psinit' in project 'lab3_sw'.
12:07:54 INFO  : Disconnected from the channel tcfchan#9.
12:07:55 INFO  : Connected to target on host '127.0.0.1' and port '3121'.
12:07:55 INFO  : Jtag cable 'Digilent Zybo Z7 210351A6C805A' is selected.
12:07:55 INFO  : 'jtag frequency' command is executed.
12:07:55 INFO  : Context for 'APU' is selected.
12:07:56 INFO  : System reset is completed.
12:07:59 INFO  : 'after 3000' command is executed.
12:07:59 INFO  : 'targets -set -filter {jtag_cable_name =~ "Digilent Zybo Z7 210351A6C805A" && level==0 && jtag_device_ctx=="jsn-Zybo Z7-210351A6C805A-13722093-0"}' command is executed.
12:08:00 INFO  : Device configured successfully with "O:/ENGS128/lab3/lab3_sw/_ide/bitstream/axi_stream_bd_wrapper.bit"
12:08:00 INFO  : Context for 'APU' is selected.
12:08:00 INFO  : Hardware design and registers information is loaded from 'O:/ENGS128/lab3/axi_stream_bd_wrapper/export/axi_stream_bd_wrapper/hw/axi_stream_bd_wrapper.xsa'.
12:08:00 INFO  : 'configparams force-mem-access 1' command is executed.
12:08:00 INFO  : Context for 'APU' is selected.
12:08:00 INFO  : Sourcing of 'O:/ENGS128/lab3/lab3_sw/_ide/psinit/ps7_init.tcl' is done.
12:08:01 INFO  : 'ps7_init' command is executed.
12:08:01 INFO  : 'ps7_post_config' command is executed.
12:08:01 INFO  : Context for processor 'ps7_cortexa9_0' is selected.
12:08:01 INFO  : The application 'O:/ENGS128/lab3/lab3_sw/Debug/lab3_sw.elf' is downloaded to processor 'ps7_cortexa9_0'.
12:08:01 INFO  : 'configparams force-mem-access 0' command is executed.
12:08:01 INFO  : ----------------XSDB Script----------------
connect -url tcp:127.0.0.1:3121
targets -set -nocase -filter {name =~"APU*"}
rst -system
after 3000
targets -set -filter {jtag_cable_name =~ "Digilent Zybo Z7 210351A6C805A" && level==0 && jtag_device_ctx=="jsn-Zybo Z7-210351A6C805A-13722093-0"}
fpga -file O:/ENGS128/lab3/lab3_sw/_ide/bitstream/axi_stream_bd_wrapper.bit
targets -set -nocase -filter {name =~"APU*"}
loadhw -hw O:/ENGS128/lab3/axi_stream_bd_wrapper/export/axi_stream_bd_wrapper/hw/axi_stream_bd_wrapper.xsa -mem-ranges [list {0x40000000 0xbfffffff}] -regs
configparams force-mem-access 1
targets -set -nocase -filter {name =~"APU*"}
source O:/ENGS128/lab3/lab3_sw/_ide/psinit/ps7_init.tcl
ps7_init
ps7_post_config
targets -set -nocase -filter {name =~ "*A9*#0"}
dow O:/ENGS128/lab3/lab3_sw/Debug/lab3_sw.elf
configparams force-mem-access 0
----------------End of Script----------------

12:08:01 INFO  : Context for processor 'ps7_cortexa9_0' is selected.
12:08:01 INFO  : 'con' command is executed.
12:08:01 INFO  : ----------------XSDB Script (After Launch)----------------
targets -set -nocase -filter {name =~ "*A9*#0"}
con
----------------End of Script----------------

12:08:01 INFO  : Launch script is exported to file 'O:\ENGS128\lab3\lab3_sw_system\_ide\scripts\systemdebugger_lab3_sw_system_6_standalone.tcl'
12:52:34 INFO  : Launching XSCT server: xsct.bat -n  -interactive O:\ENGS128\lab3\temp_xsdb_launch_script.tcl
12:55:35 ERROR : Timed out. 180 seconds have elapsed while waiting for XSCT server to launch.
12:55:35 WARN  : xsct server communication channel is not established.
16:19:45 INFO  : Launching XSCT server: xsct.bat -n  -interactive O:\ENGS128\lab3\temp_xsdb_launch_script.tcl
16:19:49 INFO  : XSCT server has started successfully.
16:19:49 INFO  : plnx-install-location is set to ''
16:19:49 INFO  : Successfully done setting XSCT server connection channel  
16:19:49 INFO  : Successfully done setting workspace for the tool. 
16:19:49 INFO  : Registering command handlers for Vitis TCF services
16:19:50 INFO  : Platform repository initialization has completed.
16:19:53 INFO  : Successfully done query RDI_DATADIR 
16:20:36 INFO  : Hardware specification for platform project 'axi_stream_bd_wrapper' is updated.
16:21:15 INFO  : Result from executing command 'getProjects': axi_stream_bd_wrapper
16:21:16 INFO  : Result from executing command 'getPlatforms': axi_stream_bd_wrapper|O:/ENGS128/lab3/axi_stream_bd_wrapper/export/axi_stream_bd_wrapper/axi_stream_bd_wrapper.xpfm
16:21:16 INFO  : Checking for BSP changes to sync application flags for project 'lab3_sw'...
16:21:47 INFO  : Connected to target on host '127.0.0.1' and port '3121'.
16:21:47 INFO  : Jtag cable 'Digilent Zybo Z7 210351A6C805A' is selected.
16:21:47 INFO  : 'jtag frequency' command is executed.
16:21:47 INFO  : Context for 'APU' is selected.
16:21:48 INFO  : System reset is completed.
16:21:51 INFO  : 'after 3000' command is executed.
16:21:51 INFO  : 'targets -set -filter {jtag_cable_name =~ "Digilent Zybo Z7 210351A6C805A" && level==0 && jtag_device_ctx=="jsn-Zybo Z7-210351A6C805A-13722093-0"}' command is executed.
16:21:52 INFO  : Device configured successfully with "O:/ENGS128/lab3/lab3_sw/_ide/bitstream/axi_stream_bd_wrapper.bit"
16:21:52 INFO  : Context for 'APU' is selected.
16:21:52 INFO  : Hardware design and registers information is loaded from 'O:/ENGS128/lab3/axi_stream_bd_wrapper/export/axi_stream_bd_wrapper/hw/axi_stream_bd_wrapper.xsa'.
16:21:52 INFO  : 'configparams force-mem-access 1' command is executed.
16:21:52 INFO  : Context for 'APU' is selected.
16:21:52 INFO  : Sourcing of 'O:/ENGS128/lab3/lab3_sw/_ide/psinit/ps7_init.tcl' is done.
16:21:53 INFO  : 'ps7_init' command is executed.
16:21:53 INFO  : 'ps7_post_config' command is executed.
16:21:53 INFO  : Context for processor 'ps7_cortexa9_0' is selected.
16:21:53 INFO  : The application 'O:/ENGS128/lab3/lab3_sw/Debug/lab3_sw.elf' is downloaded to processor 'ps7_cortexa9_0'.
16:21:53 INFO  : 'configparams force-mem-access 0' command is executed.
16:21:53 INFO  : ----------------XSDB Script----------------
connect -url tcp:127.0.0.1:3121
targets -set -nocase -filter {name =~"APU*"}
rst -system
after 3000
targets -set -filter {jtag_cable_name =~ "Digilent Zybo Z7 210351A6C805A" && level==0 && jtag_device_ctx=="jsn-Zybo Z7-210351A6C805A-13722093-0"}
fpga -file O:/ENGS128/lab3/lab3_sw/_ide/bitstream/axi_stream_bd_wrapper.bit
targets -set -nocase -filter {name =~"APU*"}
loadhw -hw O:/ENGS128/lab3/axi_stream_bd_wrapper/export/axi_stream_bd_wrapper/hw/axi_stream_bd_wrapper.xsa -mem-ranges [list {0x40000000 0xbfffffff}] -regs
configparams force-mem-access 1
targets -set -nocase -filter {name =~"APU*"}
source O:/ENGS128/lab3/lab3_sw/_ide/psinit/ps7_init.tcl
ps7_init
ps7_post_config
targets -set -nocase -filter {name =~ "*A9*#0"}
dow O:/ENGS128/lab3/lab3_sw/Debug/lab3_sw.elf
configparams force-mem-access 0
----------------End of Script----------------

16:21:53 INFO  : Context for processor 'ps7_cortexa9_0' is selected.
16:21:53 INFO  : 'con' command is executed.
16:21:53 INFO  : ----------------XSDB Script (After Launch)----------------
targets -set -nocase -filter {name =~ "*A9*#0"}
con
----------------End of Script----------------

16:21:53 INFO  : Launch script is exported to file 'O:\ENGS128\lab3\lab3_sw_system\_ide\scripts\systemdebugger_lab3_sw_system_7_standalone.tcl'
22:03:23 INFO  : Launching XSCT server: xsct.bat -n  -interactive O:\ENGS128\lab3\temp_xsdb_launch_script.tcl
22:03:26 INFO  : XSCT server has started successfully.
22:03:26 INFO  : plnx-install-location is set to ''
22:03:26 INFO  : Successfully done setting XSCT server connection channel  
22:03:26 INFO  : Successfully done setting workspace for the tool. 
22:03:27 INFO  : Registering command handlers for Vitis TCF services
22:03:27 ERROR : Error encountered while initializing user repository paths
Reason: No Platforms Found.


22:03:27 INFO  : Platform repository initialization has completed.
22:03:28 INFO  : Successfully done query RDI_DATADIR 
22:05:39 ERROR : Failed to update hardware specification for project 'axi_stream_bd_wrapper'.
Reason: Failed to execute command 'platform config -updatehw {O:/ENGS128/lab3/axi_stream_bd_wrapper.xsa}'. Click on details for more information.
22:07:09 ERROR : Failed to update hardware specification for project 'axi_stream_bd_wrapper'.
Reason: Failed to execute command 'platform config -updatehw {O:/ENGS128/lab3/axi_stream_bd_wrapper.xsa}'. Click on details for more information.
22:23:54 INFO  : Launching XSCT server: xsct.bat -n  -interactive O:\ENGS128\lab3\temp_xsdb_launch_script.tcl
22:23:57 INFO  : XSCT server has started successfully.
22:23:57 INFO  : Successfully done setting XSCT server connection channel  
22:23:57 INFO  : plnx-install-location is set to ''
22:23:57 INFO  : Successfully done setting workspace for the tool. 
22:23:58 INFO  : Registering command handlers for Vitis TCF services
22:23:58 ERROR : Error encountered while initializing user repository paths
Reason: No Platforms Found.


22:23:58 INFO  : Platform repository initialization has completed.
22:23:59 INFO  : Successfully done query RDI_DATADIR 
22:26:18 INFO  : Hardware specification for platform project 'axi_stream_bd_wrapper' is updated.
22:27:39 INFO  : Result from executing command 'getProjects': axi_stream_bd_wrapper
22:27:39 INFO  : Result from executing command 'getPlatforms': 
22:27:40 INFO  : Checking for BSP changes to sync application flags for project 'lab3_sw'...
22:27:52 INFO  : The hardware specification used by project 'lab3_sw' is out of sync with the platform. Resource files extracted from the hardware specification will be updated.
22:27:52 INFO  : The file 'O:\ENGS128\lab3\lab3_sw\_ide\bitstream\axi_stream_bd_wrapper.bit' stored in project is removed.
22:27:52 INFO  : The updated bitstream files are copied from platform to folder 'O:\ENGS128\lab3\lab3_sw\_ide\bitstream' in project 'lab3_sw'.
22:27:52 INFO  : The file 'O:\ENGS128\lab3\lab3_sw\_ide\psinit\ps7_init.tcl' stored in project is removed.
22:27:57 INFO  : The updated ps init files are copied from platform to folder 'O:\ENGS128\lab3\lab3_sw\_ide\psinit' in project 'lab3_sw'.
22:29:30 INFO  : Connected to target on host '127.0.0.1' and port '3121'.
22:29:31 INFO  : Jtag cable 'Digilent Zybo Z7 210351A6C805A' is selected.
22:29:31 INFO  : 'jtag frequency' command is executed.
22:29:31 INFO  : Context for 'APU' is selected.
22:29:31 INFO  : System reset is completed.
22:29:34 INFO  : 'after 3000' command is executed.
22:29:34 INFO  : 'targets -set -filter {jtag_cable_name =~ "Digilent Zybo Z7 210351A6C805A" && level==0 && jtag_device_ctx=="jsn-Zybo Z7-210351A6C805A-13722093-0"}' command is executed.
22:29:35 INFO  : Device configured successfully with "O:/ENGS128/lab3/lab3_sw/_ide/bitstream/axi_stream_bd_wrapper.bit"
22:29:35 INFO  : Context for 'APU' is selected.
22:29:35 INFO  : Hardware design and registers information is loaded from 'O:/ENGS128/lab3/axi_stream_bd_wrapper/export/axi_stream_bd_wrapper/hw/axi_stream_bd_wrapper.xsa'.
22:29:35 INFO  : 'configparams force-mem-access 1' command is executed.
22:29:36 INFO  : Context for 'APU' is selected.
22:29:36 INFO  : Sourcing of 'O:/ENGS128/lab3/lab3_sw/_ide/psinit/ps7_init.tcl' is done.
22:29:36 INFO  : 'ps7_init' command is executed.
22:29:36 INFO  : 'ps7_post_config' command is executed.
22:29:36 INFO  : Context for processor 'ps7_cortexa9_0' is selected.
22:29:37 INFO  : The application 'O:/ENGS128/lab3/lab3_sw/Debug/lab3_sw.elf' is downloaded to processor 'ps7_cortexa9_0'.
22:29:37 INFO  : 'configparams force-mem-access 0' command is executed.
22:29:37 INFO  : ----------------XSDB Script----------------
connect -url tcp:127.0.0.1:3121
targets -set -nocase -filter {name =~"APU*"}
rst -system
after 3000
targets -set -filter {jtag_cable_name =~ "Digilent Zybo Z7 210351A6C805A" && level==0 && jtag_device_ctx=="jsn-Zybo Z7-210351A6C805A-13722093-0"}
fpga -file O:/ENGS128/lab3/lab3_sw/_ide/bitstream/axi_stream_bd_wrapper.bit
targets -set -nocase -filter {name =~"APU*"}
loadhw -hw O:/ENGS128/lab3/axi_stream_bd_wrapper/export/axi_stream_bd_wrapper/hw/axi_stream_bd_wrapper.xsa -mem-ranges [list {0x40000000 0xbfffffff}] -regs
configparams force-mem-access 1
targets -set -nocase -filter {name =~"APU*"}
source O:/ENGS128/lab3/lab3_sw/_ide/psinit/ps7_init.tcl
ps7_init
ps7_post_config
targets -set -nocase -filter {name =~ "*A9*#0"}
dow O:/ENGS128/lab3/lab3_sw/Debug/lab3_sw.elf
configparams force-mem-access 0
----------------End of Script----------------

22:29:37 INFO  : Context for processor 'ps7_cortexa9_0' is selected.
22:29:37 INFO  : 'con' command is executed.
22:29:37 INFO  : ----------------XSDB Script (After Launch)----------------
targets -set -nocase -filter {name =~ "*A9*#0"}
con
----------------End of Script----------------

22:29:37 INFO  : Launch script is exported to file 'O:\ENGS128\lab3\lab3_sw_system\_ide\scripts\systemdebugger_lab3_sw_system_8_standalone.tcl'
22:47:02 INFO  : Disconnected from the channel tcfchan#3.
