Copyright 1986-2021 Xilinx, Inc. All Rights Reserved.
-----------------------------------------------------------------------------------------------------------------------------------------------------------------------------------------------------
| Tool Version : Vivado v.2021.2 (win64) Build 3367213 Tue Oct 19 02:48:09 MDT 2021
| Date         : Thu May 15 22:21:27 2025
| Host         : m210-18 running 64-bit major release  (build 9200)
| Command      : report_methodology -file axi_stream_bd_wrapper_methodology_drc_routed.rpt -pb axi_stream_bd_wrapper_methodology_drc_routed.pb -rpx axi_stream_bd_wrapper_methodology_drc_routed.rpx
| Design       : axi_stream_bd_wrapper
| Device       : xc7z010clg400-1
| Speed File   : -1
| Design State : Fully Routed
-----------------------------------------------------------------------------------------------------------------------------------------------------------------------------------------------------

Report Methodology

Table of Contents
-----------------
1. REPORT SUMMARY
2. REPORT DETAILS

1. REPORT SUMMARY
-----------------
            Netlist: netlist
          Floorplan: design_1
      Design limits: <entire design considered>
             Max violations: <unlimited>
             Violations found: 220
+-----------+------------------+-------------------------------------------------+------------+
| Rule      | Severity         | Description                                     | Violations |
+-----------+------------------+-------------------------------------------------+------------+
| TIMING-17 | Critical Warning | Non-clocked sequential cell                     | 200        |
| LUTAR-1   | Warning          | LUT drives async reset alert                    | 4          |
| PDRC-190  | Warning          | Suboptimally placed synchronized register chain | 10         |
| TIMING-18 | Warning          | Missing input or output delay                   | 6          |
+-----------+------------------+-------------------------------------------------+------------+

2. REPORT DETAILS
-----------------
TIMING-17#1 Critical Warning
Non-clocked sequential cell  
The clock pin axi_stream_bd_i/axis_i2s_wrapper_0/inst/axis_dds/left_audio_dds/addr_ctr_reg[0]/C is not reached by a timing clock
Related violations: <none>

TIMING-17#2 Critical Warning
Non-clocked sequential cell  
The clock pin axi_stream_bd_i/axis_i2s_wrapper_0/inst/axis_dds/left_audio_dds/addr_ctr_reg[10]/C is not reached by a timing clock
Related violations: <none>

TIMING-17#3 Critical Warning
Non-clocked sequential cell  
The clock pin axi_stream_bd_i/axis_i2s_wrapper_0/inst/axis_dds/left_audio_dds/addr_ctr_reg[11]/C is not reached by a timing clock
Related violations: <none>

TIMING-17#4 Critical Warning
Non-clocked sequential cell  
The clock pin axi_stream_bd_i/axis_i2s_wrapper_0/inst/axis_dds/left_audio_dds/addr_ctr_reg[1]/C is not reached by a timing clock
Related violations: <none>

TIMING-17#5 Critical Warning
Non-clocked sequential cell  
The clock pin axi_stream_bd_i/axis_i2s_wrapper_0/inst/axis_dds/left_audio_dds/addr_ctr_reg[2]/C is not reached by a timing clock
Related violations: <none>

TIMING-17#6 Critical Warning
Non-clocked sequential cell  
The clock pin axi_stream_bd_i/axis_i2s_wrapper_0/inst/axis_dds/left_audio_dds/addr_ctr_reg[3]/C is not reached by a timing clock
Related violations: <none>

TIMING-17#7 Critical Warning
Non-clocked sequential cell  
The clock pin axi_stream_bd_i/axis_i2s_wrapper_0/inst/axis_dds/left_audio_dds/addr_ctr_reg[4]/C is not reached by a timing clock
Related violations: <none>

TIMING-17#8 Critical Warning
Non-clocked sequential cell  
The clock pin axi_stream_bd_i/axis_i2s_wrapper_0/inst/axis_dds/left_audio_dds/addr_ctr_reg[5]/C is not reached by a timing clock
Related violations: <none>

TIMING-17#9 Critical Warning
Non-clocked sequential cell  
The clock pin axi_stream_bd_i/axis_i2s_wrapper_0/inst/axis_dds/left_audio_dds/addr_ctr_reg[6]/C is not reached by a timing clock
Related violations: <none>

TIMING-17#10 Critical Warning
Non-clocked sequential cell  
The clock pin axi_stream_bd_i/axis_i2s_wrapper_0/inst/axis_dds/left_audio_dds/addr_ctr_reg[7]/C is not reached by a timing clock
Related violations: <none>

TIMING-17#11 Critical Warning
Non-clocked sequential cell  
The clock pin axi_stream_bd_i/axis_i2s_wrapper_0/inst/axis_dds/left_audio_dds/addr_ctr_reg[8]/C is not reached by a timing clock
Related violations: <none>

TIMING-17#12 Critical Warning
Non-clocked sequential cell  
The clock pin axi_stream_bd_i/axis_i2s_wrapper_0/inst/axis_dds/left_audio_dds/addr_ctr_reg[9]/C is not reached by a timing clock
Related violations: <none>

TIMING-17#13 Critical Warning
Non-clocked sequential cell  
The clock pin axi_stream_bd_i/axis_i2s_wrapper_0/inst/axis_dds/left_audio_dds/blk_mem_left/U0/inst_blk_mem_gen/gnbram.gnativebmg.native_blk_mem_gen/valid.cstr/ramloop[0].ram.r/prim_init.ram/DEVICE_7SERIES.NO_BMM_INFO.SP.SIMPLE_PRIM36.ram/CLKARDCLK is not reached by a timing clock
Related violations: <none>

TIMING-17#14 Critical Warning
Non-clocked sequential cell  
The clock pin axi_stream_bd_i/axis_i2s_wrapper_0/inst/axis_dds/left_audio_dds/blk_mem_left/U0/inst_blk_mem_gen/gnbram.gnativebmg.native_blk_mem_gen/valid.cstr/ramloop[1].ram.r/prim_init.ram/DEVICE_7SERIES.NO_BMM_INFO.SP.SIMPLE_PRIM36.ram/CLKARDCLK is not reached by a timing clock
Related violations: <none>

TIMING-17#15 Critical Warning
Non-clocked sequential cell  
The clock pin axi_stream_bd_i/axis_i2s_wrapper_0/inst/axis_dds/left_audio_dds/blk_mem_left/U0/inst_blk_mem_gen/gnbram.gnativebmg.native_blk_mem_gen/valid.cstr/ramloop[2].ram.r/prim_init.ram/DEVICE_7SERIES.NO_BMM_INFO.SP.SIMPLE_PRIM36.ram/CLKARDCLK is not reached by a timing clock
Related violations: <none>

TIMING-17#16 Critical Warning
Non-clocked sequential cell  
The clock pin axi_stream_bd_i/axis_i2s_wrapper_0/inst/axis_dds/right_audio_dds/addr_ctr_reg[0]/C is not reached by a timing clock
Related violations: <none>

TIMING-17#17 Critical Warning
Non-clocked sequential cell  
The clock pin axi_stream_bd_i/axis_i2s_wrapper_0/inst/axis_dds/right_audio_dds/addr_ctr_reg[10]/C is not reached by a timing clock
Related violations: <none>

TIMING-17#18 Critical Warning
Non-clocked sequential cell  
The clock pin axi_stream_bd_i/axis_i2s_wrapper_0/inst/axis_dds/right_audio_dds/addr_ctr_reg[11]/C is not reached by a timing clock
Related violations: <none>

TIMING-17#19 Critical Warning
Non-clocked sequential cell  
The clock pin axi_stream_bd_i/axis_i2s_wrapper_0/inst/axis_dds/right_audio_dds/addr_ctr_reg[1]/C is not reached by a timing clock
Related violations: <none>

TIMING-17#20 Critical Warning
Non-clocked sequential cell  
The clock pin axi_stream_bd_i/axis_i2s_wrapper_0/inst/axis_dds/right_audio_dds/addr_ctr_reg[2]/C is not reached by a timing clock
Related violations: <none>

TIMING-17#21 Critical Warning
Non-clocked sequential cell  
The clock pin axi_stream_bd_i/axis_i2s_wrapper_0/inst/axis_dds/right_audio_dds/addr_ctr_reg[3]/C is not reached by a timing clock
Related violations: <none>

TIMING-17#22 Critical Warning
Non-clocked sequential cell  
The clock pin axi_stream_bd_i/axis_i2s_wrapper_0/inst/axis_dds/right_audio_dds/addr_ctr_reg[4]/C is not reached by a timing clock
Related violations: <none>

TIMING-17#23 Critical Warning
Non-clocked sequential cell  
The clock pin axi_stream_bd_i/axis_i2s_wrapper_0/inst/axis_dds/right_audio_dds/addr_ctr_reg[5]/C is not reached by a timing clock
Related violations: <none>

TIMING-17#24 Critical Warning
Non-clocked sequential cell  
The clock pin axi_stream_bd_i/axis_i2s_wrapper_0/inst/axis_dds/right_audio_dds/addr_ctr_reg[6]/C is not reached by a timing clock
Related violations: <none>

TIMING-17#25 Critical Warning
Non-clocked sequential cell  
The clock pin axi_stream_bd_i/axis_i2s_wrapper_0/inst/axis_dds/right_audio_dds/addr_ctr_reg[7]/C is not reached by a timing clock
Related violations: <none>

TIMING-17#26 Critical Warning
Non-clocked sequential cell  
The clock pin axi_stream_bd_i/axis_i2s_wrapper_0/inst/axis_dds/right_audio_dds/addr_ctr_reg[8]/C is not reached by a timing clock
Related violations: <none>

TIMING-17#27 Critical Warning
Non-clocked sequential cell  
The clock pin axi_stream_bd_i/axis_i2s_wrapper_0/inst/axis_dds/right_audio_dds/addr_ctr_reg[9]/C is not reached by a timing clock
Related violations: <none>

TIMING-17#28 Critical Warning
Non-clocked sequential cell  
The clock pin axi_stream_bd_i/axis_i2s_wrapper_0/inst/axis_dds/right_audio_dds/blk_mem_left/U0/inst_blk_mem_gen/gnbram.gnativebmg.native_blk_mem_gen/valid.cstr/ramloop[0].ram.r/prim_init.ram/DEVICE_7SERIES.NO_BMM_INFO.SP.SIMPLE_PRIM36.ram/CLKARDCLK is not reached by a timing clock
Related violations: <none>

TIMING-17#29 Critical Warning
Non-clocked sequential cell  
The clock pin axi_stream_bd_i/axis_i2s_wrapper_0/inst/axis_dds/right_audio_dds/blk_mem_left/U0/inst_blk_mem_gen/gnbram.gnativebmg.native_blk_mem_gen/valid.cstr/ramloop[1].ram.r/prim_init.ram/DEVICE_7SERIES.NO_BMM_INFO.SP.SIMPLE_PRIM36.ram/CLKARDCLK is not reached by a timing clock
Related violations: <none>

TIMING-17#30 Critical Warning
Non-clocked sequential cell  
The clock pin axi_stream_bd_i/axis_i2s_wrapper_0/inst/axis_dds/right_audio_dds/blk_mem_left/U0/inst_blk_mem_gen/gnbram.gnativebmg.native_blk_mem_gen/valid.cstr/ramloop[2].ram.r/prim_init.ram/DEVICE_7SERIES.NO_BMM_INFO.SP.SIMPLE_PRIM36.ram/CLKARDCLK is not reached by a timing clock
Related violations: <none>

TIMING-17#31 Critical Warning
Non-clocked sequential cell  
The clock pin axi_stream_bd_i/axis_i2s_wrapper_0/inst/clock_generation/adc_lrclk_forward_oddr/C is not reached by a timing clock
Related violations: <none>

TIMING-17#32 Critical Warning
Non-clocked sequential cell  
The clock pin axi_stream_bd_i/axis_i2s_wrapper_0/inst/clock_generation/bclk_forward_oddr/C is not reached by a timing clock
Related violations: <none>

TIMING-17#33 Critical Warning
Non-clocked sequential cell  
The clock pin axi_stream_bd_i/axis_i2s_wrapper_0/inst/clock_generation/clk_divider_falling_edge_inst/clock_counter_reg[0]/C is not reached by a timing clock
Related violations: <none>

TIMING-17#34 Critical Warning
Non-clocked sequential cell  
The clock pin axi_stream_bd_i/axis_i2s_wrapper_0/inst/clock_generation/clk_divider_falling_edge_inst/clock_counter_reg[1]/C is not reached by a timing clock
Related violations: <none>

TIMING-17#35 Critical Warning
Non-clocked sequential cell  
The clock pin axi_stream_bd_i/axis_i2s_wrapper_0/inst/clock_generation/clk_divider_falling_edge_inst/clock_counter_reg[2]/C is not reached by a timing clock
Related violations: <none>

TIMING-17#36 Critical Warning
Non-clocked sequential cell  
The clock pin axi_stream_bd_i/axis_i2s_wrapper_0/inst/clock_generation/clk_divider_falling_edge_inst/clock_counter_reg[3]/C is not reached by a timing clock
Related violations: <none>

TIMING-17#37 Critical Warning
Non-clocked sequential cell  
The clock pin axi_stream_bd_i/axis_i2s_wrapper_0/inst/clock_generation/clk_divider_falling_edge_inst/clock_counter_reg[4]/C is not reached by a timing clock
Related violations: <none>

TIMING-17#38 Critical Warning
Non-clocked sequential cell  
The clock pin axi_stream_bd_i/axis_i2s_wrapper_0/inst/clock_generation/clk_divider_falling_edge_inst/unbuffered_clk_reg/C is not reached by a timing clock
Related violations: <none>

TIMING-17#39 Critical Warning
Non-clocked sequential cell  
The clock pin axi_stream_bd_i/axis_i2s_wrapper_0/inst/clock_generation/dac_lrclk_forward_oddr/C is not reached by a timing clock
Related violations: <none>

TIMING-17#40 Critical Warning
Non-clocked sequential cell  
The clock pin axi_stream_bd_i/axis_i2s_wrapper_0/inst/receiver/FSM_sequential_curr_state_reg[0]/C is not reached by a timing clock
Related violations: <none>

TIMING-17#41 Critical Warning
Non-clocked sequential cell  
The clock pin axi_stream_bd_i/axis_i2s_wrapper_0/inst/receiver/FSM_sequential_curr_state_reg[1]/C is not reached by a timing clock
Related violations: <none>

TIMING-17#42 Critical Warning
Non-clocked sequential cell  
The clock pin axi_stream_bd_i/axis_i2s_wrapper_0/inst/receiver/FSM_sequential_curr_state_reg[2]/C is not reached by a timing clock
Related violations: <none>

TIMING-17#43 Critical Warning
Non-clocked sequential cell  
The clock pin axi_stream_bd_i/axis_i2s_wrapper_0/inst/receiver/bit_counter/count_int_reg[0]/C is not reached by a timing clock
Related violations: <none>

TIMING-17#44 Critical Warning
Non-clocked sequential cell  
The clock pin axi_stream_bd_i/axis_i2s_wrapper_0/inst/receiver/bit_counter/count_int_reg[1]/C is not reached by a timing clock
Related violations: <none>

TIMING-17#45 Critical Warning
Non-clocked sequential cell  
The clock pin axi_stream_bd_i/axis_i2s_wrapper_0/inst/receiver/bit_counter/count_int_reg[2]/C is not reached by a timing clock
Related violations: <none>

TIMING-17#46 Critical Warning
Non-clocked sequential cell  
The clock pin axi_stream_bd_i/axis_i2s_wrapper_0/inst/receiver/bit_counter/count_int_reg[3]/C is not reached by a timing clock
Related violations: <none>

TIMING-17#47 Critical Warning
Non-clocked sequential cell  
The clock pin axi_stream_bd_i/axis_i2s_wrapper_0/inst/receiver/bit_counter/count_int_reg[4]/C is not reached by a timing clock
Related violations: <none>

TIMING-17#48 Critical Warning
Non-clocked sequential cell  
The clock pin axi_stream_bd_i/axis_i2s_wrapper_0/inst/receiver/left_audio_data_o_reg[0]/C is not reached by a timing clock
Related violations: <none>

TIMING-17#49 Critical Warning
Non-clocked sequential cell  
The clock pin axi_stream_bd_i/axis_i2s_wrapper_0/inst/receiver/left_audio_data_o_reg[10]/C is not reached by a timing clock
Related violations: <none>

TIMING-17#50 Critical Warning
Non-clocked sequential cell  
The clock pin axi_stream_bd_i/axis_i2s_wrapper_0/inst/receiver/left_audio_data_o_reg[11]/C is not reached by a timing clock
Related violations: <none>

TIMING-17#51 Critical Warning
Non-clocked sequential cell  
The clock pin axi_stream_bd_i/axis_i2s_wrapper_0/inst/receiver/left_audio_data_o_reg[12]/C is not reached by a timing clock
Related violations: <none>

TIMING-17#52 Critical Warning
Non-clocked sequential cell  
The clock pin axi_stream_bd_i/axis_i2s_wrapper_0/inst/receiver/left_audio_data_o_reg[13]/C is not reached by a timing clock
Related violations: <none>

TIMING-17#53 Critical Warning
Non-clocked sequential cell  
The clock pin axi_stream_bd_i/axis_i2s_wrapper_0/inst/receiver/left_audio_data_o_reg[14]/C is not reached by a timing clock
Related violations: <none>

TIMING-17#54 Critical Warning
Non-clocked sequential cell  
The clock pin axi_stream_bd_i/axis_i2s_wrapper_0/inst/receiver/left_audio_data_o_reg[15]/C is not reached by a timing clock
Related violations: <none>

TIMING-17#55 Critical Warning
Non-clocked sequential cell  
The clock pin axi_stream_bd_i/axis_i2s_wrapper_0/inst/receiver/left_audio_data_o_reg[16]/C is not reached by a timing clock
Related violations: <none>

TIMING-17#56 Critical Warning
Non-clocked sequential cell  
The clock pin axi_stream_bd_i/axis_i2s_wrapper_0/inst/receiver/left_audio_data_o_reg[17]/C is not reached by a timing clock
Related violations: <none>

TIMING-17#57 Critical Warning
Non-clocked sequential cell  
The clock pin axi_stream_bd_i/axis_i2s_wrapper_0/inst/receiver/left_audio_data_o_reg[18]/C is not reached by a timing clock
Related violations: <none>

TIMING-17#58 Critical Warning
Non-clocked sequential cell  
The clock pin axi_stream_bd_i/axis_i2s_wrapper_0/inst/receiver/left_audio_data_o_reg[19]/C is not reached by a timing clock
Related violations: <none>

TIMING-17#59 Critical Warning
Non-clocked sequential cell  
The clock pin axi_stream_bd_i/axis_i2s_wrapper_0/inst/receiver/left_audio_data_o_reg[1]/C is not reached by a timing clock
Related violations: <none>

TIMING-17#60 Critical Warning
Non-clocked sequential cell  
The clock pin axi_stream_bd_i/axis_i2s_wrapper_0/inst/receiver/left_audio_data_o_reg[20]/C is not reached by a timing clock
Related violations: <none>

TIMING-17#61 Critical Warning
Non-clocked sequential cell  
The clock pin axi_stream_bd_i/axis_i2s_wrapper_0/inst/receiver/left_audio_data_o_reg[21]/C is not reached by a timing clock
Related violations: <none>

TIMING-17#62 Critical Warning
Non-clocked sequential cell  
The clock pin axi_stream_bd_i/axis_i2s_wrapper_0/inst/receiver/left_audio_data_o_reg[22]/C is not reached by a timing clock
Related violations: <none>

TIMING-17#63 Critical Warning
Non-clocked sequential cell  
The clock pin axi_stream_bd_i/axis_i2s_wrapper_0/inst/receiver/left_audio_data_o_reg[23]/C is not reached by a timing clock
Related violations: <none>

TIMING-17#64 Critical Warning
Non-clocked sequential cell  
The clock pin axi_stream_bd_i/axis_i2s_wrapper_0/inst/receiver/left_audio_data_o_reg[2]/C is not reached by a timing clock
Related violations: <none>

TIMING-17#65 Critical Warning
Non-clocked sequential cell  
The clock pin axi_stream_bd_i/axis_i2s_wrapper_0/inst/receiver/left_audio_data_o_reg[3]/C is not reached by a timing clock
Related violations: <none>

TIMING-17#66 Critical Warning
Non-clocked sequential cell  
The clock pin axi_stream_bd_i/axis_i2s_wrapper_0/inst/receiver/left_audio_data_o_reg[4]/C is not reached by a timing clock
Related violations: <none>

TIMING-17#67 Critical Warning
Non-clocked sequential cell  
The clock pin axi_stream_bd_i/axis_i2s_wrapper_0/inst/receiver/left_audio_data_o_reg[5]/C is not reached by a timing clock
Related violations: <none>

TIMING-17#68 Critical Warning
Non-clocked sequential cell  
The clock pin axi_stream_bd_i/axis_i2s_wrapper_0/inst/receiver/left_audio_data_o_reg[6]/C is not reached by a timing clock
Related violations: <none>

TIMING-17#69 Critical Warning
Non-clocked sequential cell  
The clock pin axi_stream_bd_i/axis_i2s_wrapper_0/inst/receiver/left_audio_data_o_reg[7]/C is not reached by a timing clock
Related violations: <none>

TIMING-17#70 Critical Warning
Non-clocked sequential cell  
The clock pin axi_stream_bd_i/axis_i2s_wrapper_0/inst/receiver/left_audio_data_o_reg[8]/C is not reached by a timing clock
Related violations: <none>

TIMING-17#71 Critical Warning
Non-clocked sequential cell  
The clock pin axi_stream_bd_i/axis_i2s_wrapper_0/inst/receiver/left_audio_data_o_reg[9]/C is not reached by a timing clock
Related violations: <none>

TIMING-17#72 Critical Warning
Non-clocked sequential cell  
The clock pin axi_stream_bd_i/axis_i2s_wrapper_0/inst/receiver/right_audio_data_o_reg[0]/C is not reached by a timing clock
Related violations: <none>

TIMING-17#73 Critical Warning
Non-clocked sequential cell  
The clock pin axi_stream_bd_i/axis_i2s_wrapper_0/inst/receiver/right_audio_data_o_reg[10]/C is not reached by a timing clock
Related violations: <none>

TIMING-17#74 Critical Warning
Non-clocked sequential cell  
The clock pin axi_stream_bd_i/axis_i2s_wrapper_0/inst/receiver/right_audio_data_o_reg[11]/C is not reached by a timing clock
Related violations: <none>

TIMING-17#75 Critical Warning
Non-clocked sequential cell  
The clock pin axi_stream_bd_i/axis_i2s_wrapper_0/inst/receiver/right_audio_data_o_reg[12]/C is not reached by a timing clock
Related violations: <none>

TIMING-17#76 Critical Warning
Non-clocked sequential cell  
The clock pin axi_stream_bd_i/axis_i2s_wrapper_0/inst/receiver/right_audio_data_o_reg[13]/C is not reached by a timing clock
Related violations: <none>

TIMING-17#77 Critical Warning
Non-clocked sequential cell  
The clock pin axi_stream_bd_i/axis_i2s_wrapper_0/inst/receiver/right_audio_data_o_reg[14]/C is not reached by a timing clock
Related violations: <none>

TIMING-17#78 Critical Warning
Non-clocked sequential cell  
The clock pin axi_stream_bd_i/axis_i2s_wrapper_0/inst/receiver/right_audio_data_o_reg[15]/C is not reached by a timing clock
Related violations: <none>

TIMING-17#79 Critical Warning
Non-clocked sequential cell  
The clock pin axi_stream_bd_i/axis_i2s_wrapper_0/inst/receiver/right_audio_data_o_reg[16]/C is not reached by a timing clock
Related violations: <none>

TIMING-17#80 Critical Warning
Non-clocked sequential cell  
The clock pin axi_stream_bd_i/axis_i2s_wrapper_0/inst/receiver/right_audio_data_o_reg[17]/C is not reached by a timing clock
Related violations: <none>

TIMING-17#81 Critical Warning
Non-clocked sequential cell  
The clock pin axi_stream_bd_i/axis_i2s_wrapper_0/inst/receiver/right_audio_data_o_reg[18]/C is not reached by a timing clock
Related violations: <none>

TIMING-17#82 Critical Warning
Non-clocked sequential cell  
The clock pin axi_stream_bd_i/axis_i2s_wrapper_0/inst/receiver/right_audio_data_o_reg[19]/C is not reached by a timing clock
Related violations: <none>

TIMING-17#83 Critical Warning
Non-clocked sequential cell  
The clock pin axi_stream_bd_i/axis_i2s_wrapper_0/inst/receiver/right_audio_data_o_reg[1]/C is not reached by a timing clock
Related violations: <none>

TIMING-17#84 Critical Warning
Non-clocked sequential cell  
The clock pin axi_stream_bd_i/axis_i2s_wrapper_0/inst/receiver/right_audio_data_o_reg[20]/C is not reached by a timing clock
Related violations: <none>

TIMING-17#85 Critical Warning
Non-clocked sequential cell  
The clock pin axi_stream_bd_i/axis_i2s_wrapper_0/inst/receiver/right_audio_data_o_reg[21]/C is not reached by a timing clock
Related violations: <none>

TIMING-17#86 Critical Warning
Non-clocked sequential cell  
The clock pin axi_stream_bd_i/axis_i2s_wrapper_0/inst/receiver/right_audio_data_o_reg[22]/C is not reached by a timing clock
Related violations: <none>

TIMING-17#87 Critical Warning
Non-clocked sequential cell  
The clock pin axi_stream_bd_i/axis_i2s_wrapper_0/inst/receiver/right_audio_data_o_reg[23]/C is not reached by a timing clock
Related violations: <none>

TIMING-17#88 Critical Warning
Non-clocked sequential cell  
The clock pin axi_stream_bd_i/axis_i2s_wrapper_0/inst/receiver/right_audio_data_o_reg[2]/C is not reached by a timing clock
Related violations: <none>

TIMING-17#89 Critical Warning
Non-clocked sequential cell  
The clock pin axi_stream_bd_i/axis_i2s_wrapper_0/inst/receiver/right_audio_data_o_reg[3]/C is not reached by a timing clock
Related violations: <none>

TIMING-17#90 Critical Warning
Non-clocked sequential cell  
The clock pin axi_stream_bd_i/axis_i2s_wrapper_0/inst/receiver/right_audio_data_o_reg[4]/C is not reached by a timing clock
Related violations: <none>

TIMING-17#91 Critical Warning
Non-clocked sequential cell  
The clock pin axi_stream_bd_i/axis_i2s_wrapper_0/inst/receiver/right_audio_data_o_reg[5]/C is not reached by a timing clock
Related violations: <none>

TIMING-17#92 Critical Warning
Non-clocked sequential cell  
The clock pin axi_stream_bd_i/axis_i2s_wrapper_0/inst/receiver/right_audio_data_o_reg[6]/C is not reached by a timing clock
Related violations: <none>

TIMING-17#93 Critical Warning
Non-clocked sequential cell  
The clock pin axi_stream_bd_i/axis_i2s_wrapper_0/inst/receiver/right_audio_data_o_reg[7]/C is not reached by a timing clock
Related violations: <none>

TIMING-17#94 Critical Warning
Non-clocked sequential cell  
The clock pin axi_stream_bd_i/axis_i2s_wrapper_0/inst/receiver/right_audio_data_o_reg[8]/C is not reached by a timing clock
Related violations: <none>

TIMING-17#95 Critical Warning
Non-clocked sequential cell  
The clock pin axi_stream_bd_i/axis_i2s_wrapper_0/inst/receiver/right_audio_data_o_reg[9]/C is not reached by a timing clock
Related violations: <none>

TIMING-17#96 Critical Warning
Non-clocked sequential cell  
The clock pin axi_stream_bd_i/axis_i2s_wrapper_0/inst/receiver/sipo_shift_reg_inst/data_o_reg[0]/C is not reached by a timing clock
Related violations: <none>

TIMING-17#97 Critical Warning
Non-clocked sequential cell  
The clock pin axi_stream_bd_i/axis_i2s_wrapper_0/inst/receiver/sipo_shift_reg_inst/data_o_reg[10]/C is not reached by a timing clock
Related violations: <none>

TIMING-17#98 Critical Warning
Non-clocked sequential cell  
The clock pin axi_stream_bd_i/axis_i2s_wrapper_0/inst/receiver/sipo_shift_reg_inst/data_o_reg[11]/C is not reached by a timing clock
Related violations: <none>

TIMING-17#99 Critical Warning
Non-clocked sequential cell  
The clock pin axi_stream_bd_i/axis_i2s_wrapper_0/inst/receiver/sipo_shift_reg_inst/data_o_reg[12]/C is not reached by a timing clock
Related violations: <none>

TIMING-17#100 Critical Warning
Non-clocked sequential cell  
The clock pin axi_stream_bd_i/axis_i2s_wrapper_0/inst/receiver/sipo_shift_reg_inst/data_o_reg[13]/C is not reached by a timing clock
Related violations: <none>

TIMING-17#101 Critical Warning
Non-clocked sequential cell  
The clock pin axi_stream_bd_i/axis_i2s_wrapper_0/inst/receiver/sipo_shift_reg_inst/data_o_reg[14]/C is not reached by a timing clock
Related violations: <none>

TIMING-17#102 Critical Warning
Non-clocked sequential cell  
The clock pin axi_stream_bd_i/axis_i2s_wrapper_0/inst/receiver/sipo_shift_reg_inst/data_o_reg[15]/C is not reached by a timing clock
Related violations: <none>

TIMING-17#103 Critical Warning
Non-clocked sequential cell  
The clock pin axi_stream_bd_i/axis_i2s_wrapper_0/inst/receiver/sipo_shift_reg_inst/data_o_reg[16]/C is not reached by a timing clock
Related violations: <none>

TIMING-17#104 Critical Warning
Non-clocked sequential cell  
The clock pin axi_stream_bd_i/axis_i2s_wrapper_0/inst/receiver/sipo_shift_reg_inst/data_o_reg[17]/C is not reached by a timing clock
Related violations: <none>

TIMING-17#105 Critical Warning
Non-clocked sequential cell  
The clock pin axi_stream_bd_i/axis_i2s_wrapper_0/inst/receiver/sipo_shift_reg_inst/data_o_reg[18]/C is not reached by a timing clock
Related violations: <none>

TIMING-17#106 Critical Warning
Non-clocked sequential cell  
The clock pin axi_stream_bd_i/axis_i2s_wrapper_0/inst/receiver/sipo_shift_reg_inst/data_o_reg[19]/C is not reached by a timing clock
Related violations: <none>

TIMING-17#107 Critical Warning
Non-clocked sequential cell  
The clock pin axi_stream_bd_i/axis_i2s_wrapper_0/inst/receiver/sipo_shift_reg_inst/data_o_reg[1]/C is not reached by a timing clock
Related violations: <none>

TIMING-17#108 Critical Warning
Non-clocked sequential cell  
The clock pin axi_stream_bd_i/axis_i2s_wrapper_0/inst/receiver/sipo_shift_reg_inst/data_o_reg[20]/C is not reached by a timing clock
Related violations: <none>

TIMING-17#109 Critical Warning
Non-clocked sequential cell  
The clock pin axi_stream_bd_i/axis_i2s_wrapper_0/inst/receiver/sipo_shift_reg_inst/data_o_reg[21]/C is not reached by a timing clock
Related violations: <none>

TIMING-17#110 Critical Warning
Non-clocked sequential cell  
The clock pin axi_stream_bd_i/axis_i2s_wrapper_0/inst/receiver/sipo_shift_reg_inst/data_o_reg[22]/C is not reached by a timing clock
Related violations: <none>

TIMING-17#111 Critical Warning
Non-clocked sequential cell  
The clock pin axi_stream_bd_i/axis_i2s_wrapper_0/inst/receiver/sipo_shift_reg_inst/data_o_reg[23]/C is not reached by a timing clock
Related violations: <none>

TIMING-17#112 Critical Warning
Non-clocked sequential cell  
The clock pin axi_stream_bd_i/axis_i2s_wrapper_0/inst/receiver/sipo_shift_reg_inst/data_o_reg[2]/C is not reached by a timing clock
Related violations: <none>

TIMING-17#113 Critical Warning
Non-clocked sequential cell  
The clock pin axi_stream_bd_i/axis_i2s_wrapper_0/inst/receiver/sipo_shift_reg_inst/data_o_reg[3]/C is not reached by a timing clock
Related violations: <none>

TIMING-17#114 Critical Warning
Non-clocked sequential cell  
The clock pin axi_stream_bd_i/axis_i2s_wrapper_0/inst/receiver/sipo_shift_reg_inst/data_o_reg[4]/C is not reached by a timing clock
Related violations: <none>

TIMING-17#115 Critical Warning
Non-clocked sequential cell  
The clock pin axi_stream_bd_i/axis_i2s_wrapper_0/inst/receiver/sipo_shift_reg_inst/data_o_reg[5]/C is not reached by a timing clock
Related violations: <none>

TIMING-17#116 Critical Warning
Non-clocked sequential cell  
The clock pin axi_stream_bd_i/axis_i2s_wrapper_0/inst/receiver/sipo_shift_reg_inst/data_o_reg[6]/C is not reached by a timing clock
Related violations: <none>

TIMING-17#117 Critical Warning
Non-clocked sequential cell  
The clock pin axi_stream_bd_i/axis_i2s_wrapper_0/inst/receiver/sipo_shift_reg_inst/data_o_reg[7]/C is not reached by a timing clock
Related violations: <none>

TIMING-17#118 Critical Warning
Non-clocked sequential cell  
The clock pin axi_stream_bd_i/axis_i2s_wrapper_0/inst/receiver/sipo_shift_reg_inst/data_o_reg[8]/C is not reached by a timing clock
Related violations: <none>

TIMING-17#119 Critical Warning
Non-clocked sequential cell  
The clock pin axi_stream_bd_i/axis_i2s_wrapper_0/inst/receiver/sipo_shift_reg_inst/data_o_reg[9]/C is not reached by a timing clock
Related violations: <none>

TIMING-17#120 Critical Warning
Non-clocked sequential cell  
The clock pin axi_stream_bd_i/axis_i2s_wrapper_0/inst/receiver/sipo_shift_reg_inst/shift_reg_reg[0]/C is not reached by a timing clock
Related violations: <none>

TIMING-17#121 Critical Warning
Non-clocked sequential cell  
The clock pin axi_stream_bd_i/axis_i2s_wrapper_0/inst/receiver/sipo_shift_reg_inst/shift_reg_reg[10]/C is not reached by a timing clock
Related violations: <none>

TIMING-17#122 Critical Warning
Non-clocked sequential cell  
The clock pin axi_stream_bd_i/axis_i2s_wrapper_0/inst/receiver/sipo_shift_reg_inst/shift_reg_reg[11]/C is not reached by a timing clock
Related violations: <none>

TIMING-17#123 Critical Warning
Non-clocked sequential cell  
The clock pin axi_stream_bd_i/axis_i2s_wrapper_0/inst/receiver/sipo_shift_reg_inst/shift_reg_reg[12]/C is not reached by a timing clock
Related violations: <none>

TIMING-17#124 Critical Warning
Non-clocked sequential cell  
The clock pin axi_stream_bd_i/axis_i2s_wrapper_0/inst/receiver/sipo_shift_reg_inst/shift_reg_reg[13]/C is not reached by a timing clock
Related violations: <none>

TIMING-17#125 Critical Warning
Non-clocked sequential cell  
The clock pin axi_stream_bd_i/axis_i2s_wrapper_0/inst/receiver/sipo_shift_reg_inst/shift_reg_reg[14]/C is not reached by a timing clock
Related violations: <none>

TIMING-17#126 Critical Warning
Non-clocked sequential cell  
The clock pin axi_stream_bd_i/axis_i2s_wrapper_0/inst/receiver/sipo_shift_reg_inst/shift_reg_reg[15]/C is not reached by a timing clock
Related violations: <none>

TIMING-17#127 Critical Warning
Non-clocked sequential cell  
The clock pin axi_stream_bd_i/axis_i2s_wrapper_0/inst/receiver/sipo_shift_reg_inst/shift_reg_reg[16]/C is not reached by a timing clock
Related violations: <none>

TIMING-17#128 Critical Warning
Non-clocked sequential cell  
The clock pin axi_stream_bd_i/axis_i2s_wrapper_0/inst/receiver/sipo_shift_reg_inst/shift_reg_reg[17]/C is not reached by a timing clock
Related violations: <none>

TIMING-17#129 Critical Warning
Non-clocked sequential cell  
The clock pin axi_stream_bd_i/axis_i2s_wrapper_0/inst/receiver/sipo_shift_reg_inst/shift_reg_reg[18]/C is not reached by a timing clock
Related violations: <none>

TIMING-17#130 Critical Warning
Non-clocked sequential cell  
The clock pin axi_stream_bd_i/axis_i2s_wrapper_0/inst/receiver/sipo_shift_reg_inst/shift_reg_reg[19]/C is not reached by a timing clock
Related violations: <none>

TIMING-17#131 Critical Warning
Non-clocked sequential cell  
The clock pin axi_stream_bd_i/axis_i2s_wrapper_0/inst/receiver/sipo_shift_reg_inst/shift_reg_reg[1]/C is not reached by a timing clock
Related violations: <none>

TIMING-17#132 Critical Warning
Non-clocked sequential cell  
The clock pin axi_stream_bd_i/axis_i2s_wrapper_0/inst/receiver/sipo_shift_reg_inst/shift_reg_reg[20]/C is not reached by a timing clock
Related violations: <none>

TIMING-17#133 Critical Warning
Non-clocked sequential cell  
The clock pin axi_stream_bd_i/axis_i2s_wrapper_0/inst/receiver/sipo_shift_reg_inst/shift_reg_reg[21]/C is not reached by a timing clock
Related violations: <none>

TIMING-17#134 Critical Warning
Non-clocked sequential cell  
The clock pin axi_stream_bd_i/axis_i2s_wrapper_0/inst/receiver/sipo_shift_reg_inst/shift_reg_reg[22]/C is not reached by a timing clock
Related violations: <none>

TIMING-17#135 Critical Warning
Non-clocked sequential cell  
The clock pin axi_stream_bd_i/axis_i2s_wrapper_0/inst/receiver/sipo_shift_reg_inst/shift_reg_reg[23]/C is not reached by a timing clock
Related violations: <none>

TIMING-17#136 Critical Warning
Non-clocked sequential cell  
The clock pin axi_stream_bd_i/axis_i2s_wrapper_0/inst/receiver/sipo_shift_reg_inst/shift_reg_reg[2]/C is not reached by a timing clock
Related violations: <none>

TIMING-17#137 Critical Warning
Non-clocked sequential cell  
The clock pin axi_stream_bd_i/axis_i2s_wrapper_0/inst/receiver/sipo_shift_reg_inst/shift_reg_reg[3]/C is not reached by a timing clock
Related violations: <none>

TIMING-17#138 Critical Warning
Non-clocked sequential cell  
The clock pin axi_stream_bd_i/axis_i2s_wrapper_0/inst/receiver/sipo_shift_reg_inst/shift_reg_reg[4]/C is not reached by a timing clock
Related violations: <none>

TIMING-17#139 Critical Warning
Non-clocked sequential cell  
The clock pin axi_stream_bd_i/axis_i2s_wrapper_0/inst/receiver/sipo_shift_reg_inst/shift_reg_reg[5]/C is not reached by a timing clock
Related violations: <none>

TIMING-17#140 Critical Warning
Non-clocked sequential cell  
The clock pin axi_stream_bd_i/axis_i2s_wrapper_0/inst/receiver/sipo_shift_reg_inst/shift_reg_reg[6]/C is not reached by a timing clock
Related violations: <none>

TIMING-17#141 Critical Warning
Non-clocked sequential cell  
The clock pin axi_stream_bd_i/axis_i2s_wrapper_0/inst/receiver/sipo_shift_reg_inst/shift_reg_reg[7]/C is not reached by a timing clock
Related violations: <none>

TIMING-17#142 Critical Warning
Non-clocked sequential cell  
The clock pin axi_stream_bd_i/axis_i2s_wrapper_0/inst/receiver/sipo_shift_reg_inst/shift_reg_reg[8]/C is not reached by a timing clock
Related violations: <none>

TIMING-17#143 Critical Warning
Non-clocked sequential cell  
The clock pin axi_stream_bd_i/axis_i2s_wrapper_0/inst/receiver/sipo_shift_reg_inst/shift_reg_reg[9]/C is not reached by a timing clock
Related violations: <none>

TIMING-17#144 Critical Warning
Non-clocked sequential cell  
The clock pin axi_stream_bd_i/axis_i2s_wrapper_0/inst/transmitter/FSM_sequential_curr_state_reg[0]/C is not reached by a timing clock
Related violations: <none>

TIMING-17#145 Critical Warning
Non-clocked sequential cell  
The clock pin axi_stream_bd_i/axis_i2s_wrapper_0/inst/transmitter/FSM_sequential_curr_state_reg[1]/C is not reached by a timing clock
Related violations: <none>

TIMING-17#146 Critical Warning
Non-clocked sequential cell  
The clock pin axi_stream_bd_i/axis_i2s_wrapper_0/inst/transmitter/FSM_sequential_curr_state_reg[2]/C is not reached by a timing clock
Related violations: <none>

TIMING-17#147 Critical Warning
Non-clocked sequential cell  
The clock pin axi_stream_bd_i/axis_i2s_wrapper_0/inst/transmitter/bit_counter/count_int_reg[0]/C is not reached by a timing clock
Related violations: <none>

TIMING-17#148 Critical Warning
Non-clocked sequential cell  
The clock pin axi_stream_bd_i/axis_i2s_wrapper_0/inst/transmitter/bit_counter/count_int_reg[1]/C is not reached by a timing clock
Related violations: <none>

TIMING-17#149 Critical Warning
Non-clocked sequential cell  
The clock pin axi_stream_bd_i/axis_i2s_wrapper_0/inst/transmitter/bit_counter/count_int_reg[2]/C is not reached by a timing clock
Related violations: <none>

TIMING-17#150 Critical Warning
Non-clocked sequential cell  
The clock pin axi_stream_bd_i/axis_i2s_wrapper_0/inst/transmitter/bit_counter/count_int_reg[3]/C is not reached by a timing clock
Related violations: <none>

TIMING-17#151 Critical Warning
Non-clocked sequential cell  
The clock pin axi_stream_bd_i/axis_i2s_wrapper_0/inst/transmitter/bit_counter/count_int_reg[4]/C is not reached by a timing clock
Related violations: <none>

TIMING-17#152 Critical Warning
Non-clocked sequential cell  
The clock pin axi_stream_bd_i/axis_i2s_wrapper_0/inst/transmitter/input_data_reg[0]/C is not reached by a timing clock
Related violations: <none>

TIMING-17#153 Critical Warning
Non-clocked sequential cell  
The clock pin axi_stream_bd_i/axis_i2s_wrapper_0/inst/transmitter/input_data_reg[10]/C is not reached by a timing clock
Related violations: <none>

TIMING-17#154 Critical Warning
Non-clocked sequential cell  
The clock pin axi_stream_bd_i/axis_i2s_wrapper_0/inst/transmitter/input_data_reg[11]/C is not reached by a timing clock
Related violations: <none>

TIMING-17#155 Critical Warning
Non-clocked sequential cell  
The clock pin axi_stream_bd_i/axis_i2s_wrapper_0/inst/transmitter/input_data_reg[12]/C is not reached by a timing clock
Related violations: <none>

TIMING-17#156 Critical Warning
Non-clocked sequential cell  
The clock pin axi_stream_bd_i/axis_i2s_wrapper_0/inst/transmitter/input_data_reg[13]/C is not reached by a timing clock
Related violations: <none>

TIMING-17#157 Critical Warning
Non-clocked sequential cell  
The clock pin axi_stream_bd_i/axis_i2s_wrapper_0/inst/transmitter/input_data_reg[14]/C is not reached by a timing clock
Related violations: <none>

TIMING-17#158 Critical Warning
Non-clocked sequential cell  
The clock pin axi_stream_bd_i/axis_i2s_wrapper_0/inst/transmitter/input_data_reg[15]/C is not reached by a timing clock
Related violations: <none>

TIMING-17#159 Critical Warning
Non-clocked sequential cell  
The clock pin axi_stream_bd_i/axis_i2s_wrapper_0/inst/transmitter/input_data_reg[16]/C is not reached by a timing clock
Related violations: <none>

TIMING-17#160 Critical Warning
Non-clocked sequential cell  
The clock pin axi_stream_bd_i/axis_i2s_wrapper_0/inst/transmitter/input_data_reg[17]/C is not reached by a timing clock
Related violations: <none>

TIMING-17#161 Critical Warning
Non-clocked sequential cell  
The clock pin axi_stream_bd_i/axis_i2s_wrapper_0/inst/transmitter/input_data_reg[18]/C is not reached by a timing clock
Related violations: <none>

TIMING-17#162 Critical Warning
Non-clocked sequential cell  
The clock pin axi_stream_bd_i/axis_i2s_wrapper_0/inst/transmitter/input_data_reg[19]/C is not reached by a timing clock
Related violations: <none>

TIMING-17#163 Critical Warning
Non-clocked sequential cell  
The clock pin axi_stream_bd_i/axis_i2s_wrapper_0/inst/transmitter/input_data_reg[1]/C is not reached by a timing clock
Related violations: <none>

TIMING-17#164 Critical Warning
Non-clocked sequential cell  
The clock pin axi_stream_bd_i/axis_i2s_wrapper_0/inst/transmitter/input_data_reg[20]/C is not reached by a timing clock
Related violations: <none>

TIMING-17#165 Critical Warning
Non-clocked sequential cell  
The clock pin axi_stream_bd_i/axis_i2s_wrapper_0/inst/transmitter/input_data_reg[21]/C is not reached by a timing clock
Related violations: <none>

TIMING-17#166 Critical Warning
Non-clocked sequential cell  
The clock pin axi_stream_bd_i/axis_i2s_wrapper_0/inst/transmitter/input_data_reg[22]/C is not reached by a timing clock
Related violations: <none>

TIMING-17#167 Critical Warning
Non-clocked sequential cell  
The clock pin axi_stream_bd_i/axis_i2s_wrapper_0/inst/transmitter/input_data_reg[23]/C is not reached by a timing clock
Related violations: <none>

TIMING-17#168 Critical Warning
Non-clocked sequential cell  
The clock pin axi_stream_bd_i/axis_i2s_wrapper_0/inst/transmitter/input_data_reg[2]/C is not reached by a timing clock
Related violations: <none>

TIMING-17#169 Critical Warning
Non-clocked sequential cell  
The clock pin axi_stream_bd_i/axis_i2s_wrapper_0/inst/transmitter/input_data_reg[3]/C is not reached by a timing clock
Related violations: <none>

TIMING-17#170 Critical Warning
Non-clocked sequential cell  
The clock pin axi_stream_bd_i/axis_i2s_wrapper_0/inst/transmitter/input_data_reg[4]/C is not reached by a timing clock
Related violations: <none>

TIMING-17#171 Critical Warning
Non-clocked sequential cell  
The clock pin axi_stream_bd_i/axis_i2s_wrapper_0/inst/transmitter/input_data_reg[5]/C is not reached by a timing clock
Related violations: <none>

TIMING-17#172 Critical Warning
Non-clocked sequential cell  
The clock pin axi_stream_bd_i/axis_i2s_wrapper_0/inst/transmitter/input_data_reg[6]/C is not reached by a timing clock
Related violations: <none>

TIMING-17#173 Critical Warning
Non-clocked sequential cell  
The clock pin axi_stream_bd_i/axis_i2s_wrapper_0/inst/transmitter/input_data_reg[7]/C is not reached by a timing clock
Related violations: <none>

TIMING-17#174 Critical Warning
Non-clocked sequential cell  
The clock pin axi_stream_bd_i/axis_i2s_wrapper_0/inst/transmitter/input_data_reg[8]/C is not reached by a timing clock
Related violations: <none>

TIMING-17#175 Critical Warning
Non-clocked sequential cell  
The clock pin axi_stream_bd_i/axis_i2s_wrapper_0/inst/transmitter/input_data_reg[9]/C is not reached by a timing clock
Related violations: <none>

TIMING-17#176 Critical Warning
Non-clocked sequential cell  
The clock pin axi_stream_bd_i/axis_i2s_wrapper_0/inst/transmitter/shift_reg_inst/shift_reg_reg[0]/C is not reached by a timing clock
Related violations: <none>

TIMING-17#177 Critical Warning
Non-clocked sequential cell  
The clock pin axi_stream_bd_i/axis_i2s_wrapper_0/inst/transmitter/shift_reg_inst/shift_reg_reg[10]/C is not reached by a timing clock
Related violations: <none>

TIMING-17#178 Critical Warning
Non-clocked sequential cell  
The clock pin axi_stream_bd_i/axis_i2s_wrapper_0/inst/transmitter/shift_reg_inst/shift_reg_reg[11]/C is not reached by a timing clock
Related violations: <none>

TIMING-17#179 Critical Warning
Non-clocked sequential cell  
The clock pin axi_stream_bd_i/axis_i2s_wrapper_0/inst/transmitter/shift_reg_inst/shift_reg_reg[12]/C is not reached by a timing clock
Related violations: <none>

TIMING-17#180 Critical Warning
Non-clocked sequential cell  
The clock pin axi_stream_bd_i/axis_i2s_wrapper_0/inst/transmitter/shift_reg_inst/shift_reg_reg[13]/C is not reached by a timing clock
Related violations: <none>

TIMING-17#181 Critical Warning
Non-clocked sequential cell  
The clock pin axi_stream_bd_i/axis_i2s_wrapper_0/inst/transmitter/shift_reg_inst/shift_reg_reg[14]/C is not reached by a timing clock
Related violations: <none>

TIMING-17#182 Critical Warning
Non-clocked sequential cell  
The clock pin axi_stream_bd_i/axis_i2s_wrapper_0/inst/transmitter/shift_reg_inst/shift_reg_reg[15]/C is not reached by a timing clock
Related violations: <none>

TIMING-17#183 Critical Warning
Non-clocked sequential cell  
The clock pin axi_stream_bd_i/axis_i2s_wrapper_0/inst/transmitter/shift_reg_inst/shift_reg_reg[16]/C is not reached by a timing clock
Related violations: <none>

TIMING-17#184 Critical Warning
Non-clocked sequential cell  
The clock pin axi_stream_bd_i/axis_i2s_wrapper_0/inst/transmitter/shift_reg_inst/shift_reg_reg[17]/C is not reached by a timing clock
Related violations: <none>

TIMING-17#185 Critical Warning
Non-clocked sequential cell  
The clock pin axi_stream_bd_i/axis_i2s_wrapper_0/inst/transmitter/shift_reg_inst/shift_reg_reg[18]/C is not reached by a timing clock
Related violations: <none>

TIMING-17#186 Critical Warning
Non-clocked sequential cell  
The clock pin axi_stream_bd_i/axis_i2s_wrapper_0/inst/transmitter/shift_reg_inst/shift_reg_reg[19]/C is not reached by a timing clock
Related violations: <none>

TIMING-17#187 Critical Warning
Non-clocked sequential cell  
The clock pin axi_stream_bd_i/axis_i2s_wrapper_0/inst/transmitter/shift_reg_inst/shift_reg_reg[1]/C is not reached by a timing clock
Related violations: <none>

TIMING-17#188 Critical Warning
Non-clocked sequential cell  
The clock pin axi_stream_bd_i/axis_i2s_wrapper_0/inst/transmitter/shift_reg_inst/shift_reg_reg[20]/C is not reached by a timing clock
Related violations: <none>

TIMING-17#189 Critical Warning
Non-clocked sequential cell  
The clock pin axi_stream_bd_i/axis_i2s_wrapper_0/inst/transmitter/shift_reg_inst/shift_reg_reg[21]/C is not reached by a timing clock
Related violations: <none>

TIMING-17#190 Critical Warning
Non-clocked sequential cell  
The clock pin axi_stream_bd_i/axis_i2s_wrapper_0/inst/transmitter/shift_reg_inst/shift_reg_reg[22]/C is not reached by a timing clock
Related violations: <none>

TIMING-17#191 Critical Warning
Non-clocked sequential cell  
The clock pin axi_stream_bd_i/axis_i2s_wrapper_0/inst/transmitter/shift_reg_inst/shift_reg_reg[23]/C is not reached by a timing clock
Related violations: <none>

TIMING-17#192 Critical Warning
Non-clocked sequential cell  
The clock pin axi_stream_bd_i/axis_i2s_wrapper_0/inst/transmitter/shift_reg_inst/shift_reg_reg[23]_lopt_replica/C is not reached by a timing clock
Related violations: <none>

TIMING-17#193 Critical Warning
Non-clocked sequential cell  
The clock pin axi_stream_bd_i/axis_i2s_wrapper_0/inst/transmitter/shift_reg_inst/shift_reg_reg[2]/C is not reached by a timing clock
Related violations: <none>

TIMING-17#194 Critical Warning
Non-clocked sequential cell  
The clock pin axi_stream_bd_i/axis_i2s_wrapper_0/inst/transmitter/shift_reg_inst/shift_reg_reg[3]/C is not reached by a timing clock
Related violations: <none>

TIMING-17#195 Critical Warning
Non-clocked sequential cell  
The clock pin axi_stream_bd_i/axis_i2s_wrapper_0/inst/transmitter/shift_reg_inst/shift_reg_reg[4]/C is not reached by a timing clock
Related violations: <none>

TIMING-17#196 Critical Warning
Non-clocked sequential cell  
The clock pin axi_stream_bd_i/axis_i2s_wrapper_0/inst/transmitter/shift_reg_inst/shift_reg_reg[5]/C is not reached by a timing clock
Related violations: <none>

TIMING-17#197 Critical Warning
Non-clocked sequential cell  
The clock pin axi_stream_bd_i/axis_i2s_wrapper_0/inst/transmitter/shift_reg_inst/shift_reg_reg[6]/C is not reached by a timing clock
Related violations: <none>

TIMING-17#198 Critical Warning
Non-clocked sequential cell  
The clock pin axi_stream_bd_i/axis_i2s_wrapper_0/inst/transmitter/shift_reg_inst/shift_reg_reg[7]/C is not reached by a timing clock
Related violations: <none>

TIMING-17#199 Critical Warning
Non-clocked sequential cell  
The clock pin axi_stream_bd_i/axis_i2s_wrapper_0/inst/transmitter/shift_reg_inst/shift_reg_reg[8]/C is not reached by a timing clock
Related violations: <none>

TIMING-17#200 Critical Warning
Non-clocked sequential cell  
The clock pin axi_stream_bd_i/axis_i2s_wrapper_0/inst/transmitter/shift_reg_inst/shift_reg_reg[9]/C is not reached by a timing clock
Related violations: <none>

LUTAR-1#1 Warning
LUT drives async reset alert  
LUT cell dbg_hub/inst/BSCANID.u_xsdbm_id/CORE_XSDB.UUT_MASTER/U_ICON_INTERFACE/U_CMD6_RD/U_RD_FIFO/SUBCORE_FIFO.xsdbm_v3_0_0_rdfifo_inst/inst_fifo_gen/gconvfifo.rf/grf.rf/rstblk/ngwrdrst.grst.g7serrst.gwrrd_rst_sync_stage[2].rrst_inst/ngwrdrst.grst.g7serrst.rd_rst_reg[2]_i_1, with 2 or more inputs, drives asynchronous preset/clear pin(s) dbg_hub/inst/BSCANID.u_xsdbm_id/CORE_XSDB.UUT_MASTER/U_ICON_INTERFACE/U_CMD6_RD/U_RD_FIFO/SUBCORE_FIFO.xsdbm_v3_0_0_rdfifo_inst/inst_fifo_gen/gconvfifo.rf/grf.rf/rstblk/ngwrdrst.grst.g7serrst.rd_rst_reg_reg[0]/PRE,
dbg_hub/inst/BSCANID.u_xsdbm_id/CORE_XSDB.UUT_MASTER/U_ICON_INTERFACE/U_CMD6_RD/U_RD_FIFO/SUBCORE_FIFO.xsdbm_v3_0_0_rdfifo_inst/inst_fifo_gen/gconvfifo.rf/grf.rf/rstblk/ngwrdrst.grst.g7serrst.rd_rst_reg_reg[1]/PRE
dbg_hub/inst/BSCANID.u_xsdbm_id/CORE_XSDB.UUT_MASTER/U_ICON_INTERFACE/U_CMD6_RD/U_RD_FIFO/SUBCORE_FIFO.xsdbm_v3_0_0_rdfifo_inst/inst_fifo_gen/gconvfifo.rf/grf.rf/rstblk/ngwrdrst.grst.g7serrst.rd_rst_reg_reg[2]/PRE. The LUT may glitch and trigger an unexpected reset, even if it is a properly timed path.
Related violations: <none>

LUTAR-1#2 Warning
LUT drives async reset alert  
LUT cell dbg_hub/inst/BSCANID.u_xsdbm_id/CORE_XSDB.UUT_MASTER/U_ICON_INTERFACE/U_CMD6_RD/U_RD_FIFO/SUBCORE_FIFO.xsdbm_v3_0_0_rdfifo_inst/inst_fifo_gen/gconvfifo.rf/grf.rf/rstblk/ngwrdrst.grst.g7serrst.gwrrd_rst_sync_stage[2].wrst_inst/ngwrdrst.grst.g7serrst.wr_rst_reg[2]_i_1, with 2 or more inputs, drives asynchronous preset/clear pin(s) dbg_hub/inst/BSCANID.u_xsdbm_id/CORE_XSDB.UUT_MASTER/U_ICON_INTERFACE/U_CMD6_RD/U_RD_FIFO/SUBCORE_FIFO.xsdbm_v3_0_0_rdfifo_inst/inst_fifo_gen/gconvfifo.rf/grf.rf/rstblk/ngwrdrst.grst.g7serrst.wr_rst_reg_reg[0]/PRE,
dbg_hub/inst/BSCANID.u_xsdbm_id/CORE_XSDB.UUT_MASTER/U_ICON_INTERFACE/U_CMD6_RD/U_RD_FIFO/SUBCORE_FIFO.xsdbm_v3_0_0_rdfifo_inst/inst_fifo_gen/gconvfifo.rf/grf.rf/rstblk/ngwrdrst.grst.g7serrst.wr_rst_reg_reg[1]/PRE
dbg_hub/inst/BSCANID.u_xsdbm_id/CORE_XSDB.UUT_MASTER/U_ICON_INTERFACE/U_CMD6_RD/U_RD_FIFO/SUBCORE_FIFO.xsdbm_v3_0_0_rdfifo_inst/inst_fifo_gen/gconvfifo.rf/grf.rf/rstblk/ngwrdrst.grst.g7serrst.wr_rst_reg_reg[2]/PRE. The LUT may glitch and trigger an unexpected reset, even if it is a properly timed path.
Related violations: <none>

LUTAR-1#3 Warning
LUT drives async reset alert  
LUT cell dbg_hub/inst/BSCANID.u_xsdbm_id/CORE_XSDB.UUT_MASTER/U_ICON_INTERFACE/U_CMD6_WR/U_WR_FIFO/SUBCORE_FIFO.xsdbm_v3_0_0_wrfifo_inst/inst_fifo_gen/gconvfifo.rf/grf.rf/rstblk/ngwrdrst.grst.g7serrst.gwrrd_rst_sync_stage[2].rrst_inst/ngwrdrst.grst.g7serrst.rd_rst_reg[2]_i_1, with 2 or more inputs, drives asynchronous preset/clear pin(s) dbg_hub/inst/BSCANID.u_xsdbm_id/CORE_XSDB.UUT_MASTER/U_ICON_INTERFACE/U_CMD6_WR/U_WR_FIFO/SUBCORE_FIFO.xsdbm_v3_0_0_wrfifo_inst/inst_fifo_gen/gconvfifo.rf/grf.rf/rstblk/ngwrdrst.grst.g7serrst.rd_rst_reg_reg[0]/PRE,
dbg_hub/inst/BSCANID.u_xsdbm_id/CORE_XSDB.UUT_MASTER/U_ICON_INTERFACE/U_CMD6_WR/U_WR_FIFO/SUBCORE_FIFO.xsdbm_v3_0_0_wrfifo_inst/inst_fifo_gen/gconvfifo.rf/grf.rf/rstblk/ngwrdrst.grst.g7serrst.rd_rst_reg_reg[1]/PRE
dbg_hub/inst/BSCANID.u_xsdbm_id/CORE_XSDB.UUT_MASTER/U_ICON_INTERFACE/U_CMD6_WR/U_WR_FIFO/SUBCORE_FIFO.xsdbm_v3_0_0_wrfifo_inst/inst_fifo_gen/gconvfifo.rf/grf.rf/rstblk/ngwrdrst.grst.g7serrst.rd_rst_reg_reg[2]/PRE. The LUT may glitch and trigger an unexpected reset, even if it is a properly timed path.
Related violations: <none>

LUTAR-1#4 Warning
LUT drives async reset alert  
LUT cell dbg_hub/inst/BSCANID.u_xsdbm_id/CORE_XSDB.UUT_MASTER/U_ICON_INTERFACE/U_CMD6_WR/U_WR_FIFO/SUBCORE_FIFO.xsdbm_v3_0_0_wrfifo_inst/inst_fifo_gen/gconvfifo.rf/grf.rf/rstblk/ngwrdrst.grst.g7serrst.gwrrd_rst_sync_stage[2].wrst_inst/ngwrdrst.grst.g7serrst.wr_rst_reg[2]_i_1, with 2 or more inputs, drives asynchronous preset/clear pin(s) dbg_hub/inst/BSCANID.u_xsdbm_id/CORE_XSDB.UUT_MASTER/U_ICON_INTERFACE/U_CMD6_WR/U_WR_FIFO/SUBCORE_FIFO.xsdbm_v3_0_0_wrfifo_inst/inst_fifo_gen/gconvfifo.rf/grf.rf/rstblk/ngwrdrst.grst.g7serrst.wr_rst_reg_reg[0]/PRE,
dbg_hub/inst/BSCANID.u_xsdbm_id/CORE_XSDB.UUT_MASTER/U_ICON_INTERFACE/U_CMD6_WR/U_WR_FIFO/SUBCORE_FIFO.xsdbm_v3_0_0_wrfifo_inst/inst_fifo_gen/gconvfifo.rf/grf.rf/rstblk/ngwrdrst.grst.g7serrst.wr_rst_reg_reg[1]/PRE
dbg_hub/inst/BSCANID.u_xsdbm_id/CORE_XSDB.UUT_MASTER/U_ICON_INTERFACE/U_CMD6_WR/U_WR_FIFO/SUBCORE_FIFO.xsdbm_v3_0_0_wrfifo_inst/inst_fifo_gen/gconvfifo.rf/grf.rf/rstblk/ngwrdrst.grst.g7serrst.wr_rst_reg_reg[2]/PRE. The LUT may glitch and trigger an unexpected reset, even if it is a properly timed path.
Related violations: <none>

PDRC-190#1 Warning
Suboptimally placed synchronized register chain  
The FDRE cell dbg_hub/inst/BSCANID.u_xsdbm_id/CORE_XSDB.UUT_MASTER/U_ICON_INTERFACE/U_CMD2/stat_reg_reg[0] in site SLICE_X27Y48 is part of a synchronized register chain that is suboptimally placed as the load FDRE cell dbg_hub/inst/BSCANID.u_xsdbm_id/CORE_XSDB.UUT_MASTER/U_ICON_INTERFACE/U_CMD2/stat_reg_1_reg[0] is not placed in the same (SLICE) site.
Related violations: <none>

PDRC-190#2 Warning
Suboptimally placed synchronized register chain  
The FDRE cell dbg_hub/inst/BSCANID.u_xsdbm_id/CORE_XSDB.UUT_MASTER/U_ICON_INTERFACE/U_CMD2/stat_reg_reg[1] in site SLICE_X26Y48 is part of a synchronized register chain that is suboptimally placed as the load FDRE cell dbg_hub/inst/BSCANID.u_xsdbm_id/CORE_XSDB.UUT_MASTER/U_ICON_INTERFACE/U_CMD2/stat_reg_1_reg[1] is not placed in the same (SLICE) site.
Related violations: <none>

PDRC-190#3 Warning
Suboptimally placed synchronized register chain  
The FDRE cell dbg_hub/inst/BSCANID.u_xsdbm_id/CORE_XSDB.UUT_MASTER/U_ICON_INTERFACE/U_CMD2/stat_reg_reg[2] in site SLICE_X24Y47 is part of a synchronized register chain that is suboptimally placed as the load FDRE cell dbg_hub/inst/BSCANID.u_xsdbm_id/CORE_XSDB.UUT_MASTER/U_ICON_INTERFACE/U_CMD2/stat_reg_1_reg[2] is not placed in the same (SLICE) site.
Related violations: <none>

PDRC-190#4 Warning
Suboptimally placed synchronized register chain  
The FDRE cell dbg_hub/inst/BSCANID.u_xsdbm_id/CORE_XSDB.UUT_MASTER/U_ICON_INTERFACE/U_CMD2/stat_reg_reg[3] in site SLICE_X25Y48 is part of a synchronized register chain that is suboptimally placed as the load FDRE cell dbg_hub/inst/BSCANID.u_xsdbm_id/CORE_XSDB.UUT_MASTER/U_ICON_INTERFACE/U_CMD2/stat_reg_1_reg[3] is not placed in the same (SLICE) site.
Related violations: <none>

PDRC-190#5 Warning
Suboptimally placed synchronized register chain  
The FDRE cell dbg_hub/inst/BSCANID.u_xsdbm_id/CORE_XSDB.UUT_MASTER/U_ICON_INTERFACE/U_CMD3/stat_reg_reg[0] in site SLICE_X29Y50 is part of a synchronized register chain that is suboptimally placed as the load FDRE cell dbg_hub/inst/BSCANID.u_xsdbm_id/CORE_XSDB.UUT_MASTER/U_ICON_INTERFACE/U_CMD3/stat_reg_1_reg[0] is not placed in the same (SLICE) site.
Related violations: <none>

PDRC-190#6 Warning
Suboptimally placed synchronized register chain  
The FDRE cell dbg_hub/inst/BSCANID.u_xsdbm_id/CORE_XSDB.UUT_MASTER/U_ICON_INTERFACE/U_CMD3/stat_reg_reg[1] in site SLICE_X28Y48 is part of a synchronized register chain that is suboptimally placed as the load FDRE cell dbg_hub/inst/BSCANID.u_xsdbm_id/CORE_XSDB.UUT_MASTER/U_ICON_INTERFACE/U_CMD3/stat_reg_1_reg[1] is not placed in the same (SLICE) site.
Related violations: <none>

PDRC-190#7 Warning
Suboptimally placed synchronized register chain  
The FDRE cell dbg_hub/inst/BSCANID.u_xsdbm_id/CORE_XSDB.UUT_MASTER/U_ICON_INTERFACE/U_CMD3/stat_reg_reg[2] in site SLICE_X29Y48 is part of a synchronized register chain that is suboptimally placed as the load FDRE cell dbg_hub/inst/BSCANID.u_xsdbm_id/CORE_XSDB.UUT_MASTER/U_ICON_INTERFACE/U_CMD3/stat_reg_1_reg[2] is not placed in the same (SLICE) site.
Related violations: <none>

PDRC-190#8 Warning
Suboptimally placed synchronized register chain  
The FDRE cell dbg_hub/inst/BSCANID.u_xsdbm_id/CORE_XSDB.UUT_MASTER/U_ICON_INTERFACE/U_CMD7_STAT/stat_reg_reg[0] in site SLICE_X27Y51 is part of a synchronized register chain that is suboptimally placed as the load FDRE cell dbg_hub/inst/BSCANID.u_xsdbm_id/CORE_XSDB.UUT_MASTER/U_ICON_INTERFACE/U_CMD7_STAT/stat_reg_1_reg[0] is not placed in the same (SLICE) site.
Related violations: <none>

PDRC-190#9 Warning
Suboptimally placed synchronized register chain  
The FDRE cell dbg_hub/inst/BSCANID.u_xsdbm_id/CORE_XSDB.UUT_MASTER/U_ICON_INTERFACE/U_CMD7_STAT/stat_reg_reg[1] in site SLICE_X28Y51 is part of a synchronized register chain that is suboptimally placed as the load FDRE cell dbg_hub/inst/BSCANID.u_xsdbm_id/CORE_XSDB.UUT_MASTER/U_ICON_INTERFACE/U_CMD7_STAT/stat_reg_1_reg[1] is not placed in the same (SLICE) site.
Related violations: <none>

PDRC-190#10 Warning
Suboptimally placed synchronized register chain  
The FDRE cell dbg_hub/inst/BSCANID.u_xsdbm_id/CORE_XSDB.UUT_MASTER/U_ICON_INTERFACE/U_CMD7_STAT/stat_reg_reg[2] in site SLICE_X26Y52 is part of a synchronized register chain that is suboptimally placed as the load FDRE cell dbg_hub/inst/BSCANID.u_xsdbm_id/CORE_XSDB.UUT_MASTER/U_ICON_INTERFACE/U_CMD7_STAT/stat_reg_1_reg[2] is not placed in the same (SLICE) site.
Related violations: <none>

TIMING-18#1 Warning
Missing input or output delay  
An input delay is missing on dds_enable_i relative to clock(s) clk_fpga_0
Related violations: <none>

TIMING-18#2 Warning
Missing input or output delay  
An input delay is missing on fir_sel_i[0] relative to clock(s) clk_fpga_0
Related violations: <none>

TIMING-18#3 Warning
Missing input or output delay  
An input delay is missing on fir_sel_i[1] relative to clock(s) clk_fpga_0
Related violations: <none>

TIMING-18#4 Warning
Missing input or output delay  
An input delay is missing on fir_sel_i[2] relative to clock(s) clk_fpga_0
Related violations: <none>

TIMING-18#5 Warning
Missing input or output delay  
An input delay is missing on iic_scl_io relative to clock(s) clk_fpga_0
Related violations: <none>

TIMING-18#6 Warning
Missing input or output delay  
An input delay is missing on iic_sda_io relative to clock(s) clk_fpga_0
Related violations: <none>


