Copyright 1986-2021 Xilinx, Inc. All Rights Reserved.
-------------------------------------------------------------------------------------------------------------------------------------------------------------------------------------
| Tool Version     : Vivado v.2021.2 (win64) Build 3367213 Tue Oct 19 02:48:09 MDT 2021
| Date             : Thu May 15 22:21:30 2025
| Host             : m210-18 running 64-bit major release  (build 9200)
| Command          : report_power -file axi_stream_bd_wrapper_power_routed.rpt -pb axi_stream_bd_wrapper_power_summary_routed.pb -rpx axi_stream_bd_wrapper_power_routed.rpx
| Design           : axi_stream_bd_wrapper
| Device           : xc7z010clg400-1
| Design State     : routed
| Grade            : commercial
| Process          : typical
| Characterization : Production
-------------------------------------------------------------------------------------------------------------------------------------------------------------------------------------

Power Report

Table of Contents
-----------------
1. Summary
1.1 On-Chip Components
1.2 Power Supply Summary
1.3 Confidence Level
2. Settings
2.1 Environment
2.2 Clock Constraints
3. Detailed Reports
3.1 By Hierarchy

1. Summary
----------

+--------------------------+--------------+
| Total On-Chip Power (W)  | 1.759        |
| Design Power Budget (W)  | Unspecified* |
| Power Budget Margin (W)  | NA           |
| Dynamic (W)              | 1.632        |
| Device Static (W)        | 0.127        |
| Effective TJA (C/W)      | 11.5         |
| Max Ambient (C)          | 64.7         |
| Junction Temperature (C) | 45.3         |
| Confidence Level         | Low          |
| Setting File             | ---          |
| Simulation Activity File | ---          |
| Design Nets Matched      | NA           |
+--------------------------+--------------+
* Specify Design Power Budget using, set_operating_conditions -design_power_budget <value in Watts>


1.1 On-Chip Components
----------------------

+--------------------------+-----------+----------+-----------+-----------------+
| On-Chip                  | Power (W) | Used     | Available | Utilization (%) |
+--------------------------+-----------+----------+-----------+-----------------+
| Clocks                   |     0.025 |        6 |       --- |             --- |
| Slice Logic              |     0.010 |    11023 |       --- |             --- |
|   LUT as Logic           |     0.008 |     2800 |     17600 |           15.91 |
|   Register               |     0.001 |     5764 |     35200 |           16.38 |
|   LUT as Shift Register  |    <0.001 |      463 |      6000 |            7.72 |
|   CARRY4                 |    <0.001 |      110 |      4400 |            2.50 |
|   F7/F8 Muxes            |    <0.001 |       73 |     17600 |            0.41 |
|   LUT as Distributed RAM |    <0.001 |       24 |      6000 |            0.40 |
|   BUFG                   |    <0.001 |        2 |        32 |            6.25 |
|   Others                 |     0.000 |      744 |       --- |             --- |
| Signals                  |     0.021 |     8453 |       --- |             --- |
| Block RAM                |     0.055 |     20.5 |        60 |           34.17 |
| MMCM                     |     0.105 |        1 |         2 |           50.00 |
| DSPs                     |     0.012 |        8 |        80 |           10.00 |
| I/O                      |     0.004 |       13 |       100 |           13.00 |
| PS7                      |     1.401 |        1 |       --- |             --- |
| Static Power             |     0.127 |          |           |                 |
| Total                    |     1.759 |          |           |                 |
+--------------------------+-----------+----------+-----------+-----------------+


1.2 Power Supply Summary
------------------------

+-----------+-------------+-----------+-------------+------------+-------------+-------------+------------+
| Source    | Voltage (V) | Total (A) | Dynamic (A) | Static (A) | Powerup (A) | Budget (A)  | Margin (A) |
+-----------+-------------+-----------+-------------+------------+-------------+-------------+------------+
| Vccint    |       1.000 |     0.127 |       0.119 |      0.008 |       NA    | Unspecified | NA         |
| Vccaux    |       1.800 |     0.067 |       0.058 |      0.008 |       NA    | Unspecified | NA         |
| Vcco33    |       3.300 |     0.002 |       0.001 |      0.001 |       NA    | Unspecified | NA         |
| Vcco25    |       2.500 |     0.000 |       0.000 |      0.000 |       NA    | Unspecified | NA         |
| Vcco18    |       1.800 |     0.000 |       0.000 |      0.000 |       NA    | Unspecified | NA         |
| Vcco15    |       1.500 |     0.000 |       0.000 |      0.000 |       NA    | Unspecified | NA         |
| Vcco135   |       1.350 |     0.000 |       0.000 |      0.000 |       NA    | Unspecified | NA         |
| Vcco12    |       1.200 |     0.000 |       0.000 |      0.000 |       NA    | Unspecified | NA         |
| Vccaux_io |       1.800 |     0.000 |       0.000 |      0.000 |       NA    | Unspecified | NA         |
| Vccbram   |       1.000 |     0.006 |       0.004 |      0.002 |       NA    | Unspecified | NA         |
| MGTAVcc   |       1.000 |     0.000 |       0.000 |      0.000 |       NA    | Unspecified | NA         |
| MGTAVtt   |       1.200 |     0.000 |       0.000 |      0.000 |       NA    | Unspecified | NA         |
| MGTVccaux |       1.800 |     0.000 |       0.000 |      0.000 |       NA    | Unspecified | NA         |
| Vccpint   |       1.000 |     0.750 |       0.719 |      0.031 |       NA    | Unspecified | NA         |
| Vccpaux   |       1.800 |     0.061 |       0.051 |      0.010 |       NA    | Unspecified | NA         |
| Vccpll    |       1.800 |     0.017 |       0.014 |      0.003 |       NA    | Unspecified | NA         |
| Vcco_ddr  |       1.350 |     0.413 |       0.411 |      0.002 |       NA    | Unspecified | NA         |
| Vcco_mio0 |       3.300 |     0.003 |       0.002 |      0.001 |       NA    | Unspecified | NA         |
| Vcco_mio1 |       1.800 |     0.003 |       0.002 |      0.001 |       NA    | Unspecified | NA         |
| Vccadc    |       1.800 |     0.020 |       0.000 |      0.020 |       NA    | Unspecified | NA         |
+-----------+-------------+-----------+-------------+------------+-------------+-------------+------------+


1.3 Confidence Level
--------------------

+-----------------------------+------------+--------------------------------------------------------+------------------------------------------------------------------------------------------------------------+
| User Input Data             | Confidence | Details                                                | Action                                                                                                     |
+-----------------------------+------------+--------------------------------------------------------+------------------------------------------------------------------------------------------------------------+
| Design implementation state | High       | Design is routed                                       |                                                                                                            |
| Clock nodes activity        | High       | User specified more than 95% of clocks                 |                                                                                                            |
| I/O nodes activity          | Low        | More than 75% of inputs are missing user specification | Provide missing input activity with simulation results or by editing the "By Resource Type -> I/Os" view   |
| Internal nodes activity     | Medium     | User specified less than 25% of internal nodes         | Provide missing internal nodes activity with simulation results or by editing the "By Resource Type" views |
| Device models               | High       | Device models are Production                           |                                                                                                            |
|                             |            |                                                        |                                                                                                            |
| Overall confidence level    | Low        |                                                        |                                                                                                            |
+-----------------------------+------------+--------------------------------------------------------+------------------------------------------------------------------------------------------------------------+


2. Settings
-----------

2.1 Environment
---------------

+-----------------------+------------------------+
| Ambient Temp (C)      | 25.0                   |
| ThetaJA (C/W)         | 11.5                   |
| Airflow (LFM)         | 250                    |
| Heat Sink             | none                   |
| ThetaSA (C/W)         | 0.0                    |
| Board Selection       | medium (10"x10")       |
| # of Board Layers     | 8to11 (8 to 11 Layers) |
| Board Temperature (C) | 25.0                   |
+-----------------------+------------------------+


2.2 Clock Constraints
---------------------

+--------------------------------------------------------------------------------------------+-----------------------------------------------------------------------------------------------+-----------------+
| Clock                                                                                      | Domain                                                                                        | Constraint (ns) |
+--------------------------------------------------------------------------------------------+-----------------------------------------------------------------------------------------------+-----------------+
| clk_fpga_0                                                                                 | axi_stream_bd_i/processing_system7_0/inst/FCLK_CLK_unbuffered[0]                              |             8.0 |
| clkfbout_clk_wiz_0                                                                         | axi_stream_bd_i/axis_i2s_wrapper_0/inst/clock_generation/clk_wiz_inst/inst/clkfbout_clk_wiz_0 |            56.0 |
| dbg_hub/inst/BSCANID.u_xsdbm_id/SWITCH_N_EXT_BSCAN.bscan_inst/SERIES7_BSCAN.bscan_inst/TCK | dbg_hub/inst/BSCANID.u_xsdbm_id/SWITCH_N_EXT_BSCAN.bscan_inst/tck_bs                          |            33.0 |
| mclk_o_clk_wiz_0                                                                           | axi_stream_bd_i/axis_i2s_wrapper_0/inst/clock_generation/clk_wiz_inst/inst/mclk_o_clk_wiz_0   |            81.4 |
+--------------------------------------------------------------------------------------------+-----------------------------------------------------------------------------------------------+-----------------+


3. Detailed Reports
-------------------

3.1 By Hierarchy
----------------

+--------------------------+-----------+
| Name                     | Power (W) |
+--------------------------+-----------+
| axi_stream_bd_wrapper    |     1.632 |
|   axi_stream_bd_i        |     1.625 |
|     axi_iic_0            |     0.002 |
|       U0                 |     0.002 |
|     axi_interconnect_0   |     0.005 |
|       s00_couplers       |     0.004 |
|     axis_fifo_0          |     0.005 |
|       inst               |     0.005 |
|     axis_fifo_1          |     0.003 |
|       inst               |     0.003 |
|     axis_fir_0           |     0.083 |
|       inst               |     0.083 |
|     axis_i2s_wrapper_0   |     0.112 |
|       inst               |     0.112 |
|     processing_system7_0 |     1.401 |
|       inst               |     1.401 |
|     system_ila_0         |     0.013 |
|       inst               |     0.013 |
|   dbg_hub                |     0.003 |
|     inst                 |     0.003 |
|       BSCANID.u_xsdbm_id |     0.003 |
+--------------------------+-----------+


